<?xml version="1.0" encoding="UTF-8"?>
<testsuite name="gov.usbr.wq.dataaccess.MerlinTimeSeriesDataAccessTest" tests="1" skipped="0" failures="0" errors="0" timestamp="2022-01-05T23:07:20" hostname="GHIDORAH" time="3.083">
  <properties/>
  <testcase name="getEventsBySeries()" classname="gov.usbr.wq.dataaccess.MerlinTimeSeriesDataAccessTest" time="3.083"/>
  <system-out><![CDATA[]]></system-out>
  <system-err><![CDATA[Jan 05, 2022 3:07:21 PM gov.usbr.wq.dataaccess.http.HttpAccess authenticate
INFO: eyJhbGciOiJIUzI1NiIsInR5cCI6IkpXVCJ9.eyJuYW1lIjoid2Vic2VydmljZXVzZXIiLCJhZG1pbiI6IkZhbHNlIiwibmJmIjoxNjQxNDI0MDQxLCJleHAiOjE2NDE0Mjc2NDEsImlzcyI6Ik1lcmxpbldlYlNlcnZpY2UiLCJhdWQiOiJNZXJsaW5XZWJTZXJ2aWNlIn0.3ZOayUsbzTQkk3TB3hlE6TXY3e_a6CA5fTpE0q1TzwA
Jan 05, 2022 3:07:22 PM gov.usbr.wq.dataaccess.MerlinTimeSeriesDataAccessTest getEventsBySeries
INFO: class Data {
    project: Shasta Lake
    station: Shasta Dam
    latitude: 40.718
    longitude: -122.42
    sensor: Outflow
    measurement: Flow
    timestep: 60
    dataType: INST-VAL
    duration: 0
    parameter: Flow
    units: cfs
    timeZone: (UTC-08:00) Pacific Standard Time
    seriesString: Shasta Lake-Shasta Dam-Outflow/Flow/INST-VAL/60/0/35-230.11.125.1.1
    events: [class Event {
        date: 1/1/2019 12:00:00 AM
        value: 2876.0
        quality: 0
    }, class Event {
        date: 1/1/2019 1:00:00 AM
        value: 3037.0
        quality: 0
    }, class Event {
        date: 1/1/2019 2:00:00 AM
        value: 2681.0
        quality: 0
    }, class Event {
        date: 1/1/2019 3:00:00 AM
        value: 2923.0
        quality: 0
    }, class Event {
        date: 1/1/2019 4:00:00 AM
        value: 2873.0
        quality: 0
    }, class Event {
        date: 1/1/2019 5:00:00 AM
        value: 2861.0
        quality: 0
    }, class Event {
        date: 1/1/2019 6:00:00 AM
        value: 3090.0
        quality: 0
    }, class Event {
        date: 1/1/2019 7:00:00 AM
        value: 5228.0
        quality: 0
    }, class Event {
        date: 1/1/2019 8:00:00 AM
        value: 3379.0
        quality: 0
    }, class Event {
        date: 1/1/2019 9:00:00 AM
        value: 2867.0
        quality: 0
    }, class Event {
        date: 1/1/2019 10:00:00 AM
        value: 3115.0
        quality: 0
    }, class Event {
        date: 1/1/2019 11:00:00 AM
        value: 3146.0
        quality: 0
    }, class Event {
        date: 1/1/2019 12:00:00 PM
        value: 3056.0
        quality: 0
    }, class Event {
        date: 1/1/2019 1:00:00 PM
        value: 3010.0
        quality: 0
    }, class Event {
        date: 1/1/2019 2:00:00 PM
        value: 3155.0
        quality: 0
    }, class Event {
        date: 1/1/2019 3:00:00 PM
        value: 3149.0
        quality: 0
    }, class Event {
        date: 1/1/2019 4:00:00 PM
        value: 3118.0
        quality: 0
    }, class Event {
        date: 1/1/2019 5:00:00 PM
        value: 2564.0
        quality: 0
    }, class Event {
        date: 1/1/2019 6:00:00 PM
        value: 5223.0
        quality: 0
    }, class Event {
        date: 1/1/2019 7:00:00 PM
        value: 5440.0
        quality: 0
    }, class Event {
        date: 1/1/2019 8:00:00 PM
        value: 477.0
        quality: 0
    }, class Event {
        date: 1/1/2019 9:00:00 PM
        value: 2856.0
        quality: 0
    }, class Event {
        date: 1/1/2019 10:00:00 PM
        value: 2957.0
        quality: 0
    }, class Event {
        date: 1/1/2019 11:00:00 PM
        value: 2776.0
        quality: 0
    }, class Event {
        date: 1/2/2019 12:00:00 AM
        value: 2690.0
        quality: 0
    }, class Event {
        date: 1/2/2019 1:00:00 AM
        value: 3210.0
        quality: 0
    }, class Event {
        date: 1/2/2019 2:00:00 AM
        value: 3231.0
        quality: 0
    }, class Event {
        date: 1/2/2019 3:00:00 AM
        value: 3303.0
        quality: 0
    }, class Event {
        date: 1/2/2019 4:00:00 AM
        value: 3363.0
        quality: 0
    }, class Event {
        date: 1/2/2019 5:00:00 AM
        value: 3347.0
        quality: 0
    }, class Event {
        date: 1/2/2019 6:00:00 AM
        value: 3233.0
        quality: 0
    }, class Event {
        date: 1/2/2019 7:00:00 AM
        value: 3211.0
        quality: 0
    }, class Event {
        date: 1/2/2019 8:00:00 AM
        value: 3297.0
        quality: 0
    }, class Event {
        date: 1/2/2019 9:00:00 AM
        value: 3246.0
        quality: 0
    }, class Event {
        date: 1/2/2019 10:00:00 AM
        value: 3261.0
        quality: 0
    }, class Event {
        date: 1/2/2019 11:00:00 AM
        value: 3203.0
        quality: 0
    }, class Event {
        date: 1/2/2019 12:00:00 PM
        value: 3259.0
        quality: 0
    }, class Event {
        date: 1/2/2019 1:00:00 PM
        value: 3308.0
        quality: 0
    }, class Event {
        date: 1/2/2019 2:00:00 PM
        value: 3258.0
        quality: 0
    }, class Event {
        date: 1/2/2019 3:00:00 PM
        value: 3298.0
        quality: 0
    }, class Event {
        date: 1/2/2019 4:00:00 PM
        value: 3281.0
        quality: 0
    }, class Event {
        date: 1/2/2019 5:00:00 PM
        value: 3593.0
        quality: 0
    }, class Event {
        date: 1/2/2019 6:00:00 PM
        value: 8886.0
        quality: 0
    }, class Event {
        date: 1/2/2019 7:00:00 PM
        value: 9370.0
        quality: 0
    }, class Event {
        date: 1/2/2019 8:00:00 PM
        value: 6610.0
        quality: 0
    }, class Event {
        date: 1/2/2019 9:00:00 PM
        value: 6622.0
        quality: 0
    }, class Event {
        date: 1/2/2019 10:00:00 PM
        value: 6511.0
        quality: 0
    }, class Event {
        date: 1/2/2019 11:00:00 PM
        value: 5154.0
        quality: 0
    }, class Event {
        date: 1/3/2019 12:00:00 AM
        value: 4695.0
        quality: 0
    }, class Event {
        date: 1/3/2019 1:00:00 AM
        value: 2640.0
        quality: 0
    }, class Event {
        date: 1/3/2019 2:00:00 AM
        value: 2672.0
        quality: 0
    }, class Event {
        date: 1/3/2019 3:00:00 AM
        value: 2987.0
        quality: 0
    }, class Event {
        date: 1/3/2019 4:00:00 AM
        value: 3203.0
        quality: 0
    }, class Event {
        date: 1/3/2019 5:00:00 AM
        value: 3278.0
        quality: 0
    }, class Event {
        date: 1/3/2019 6:00:00 AM
        value: 3364.0
        quality: 0
    }, class Event {
        date: 1/3/2019 7:00:00 AM
        value: 3122.0
        quality: 0
    }, class Event {
        date: 1/3/2019 8:00:00 AM
        value: 3264.0
        quality: 0
    }, class Event {
        date: 1/3/2019 9:00:00 AM
        value: 3054.0
        quality: 0
    }, class Event {
        date: 1/3/2019 10:00:00 AM
        value: 2632.0
        quality: 0
    }, class Event {
        date: 1/3/2019 11:00:00 AM
        value: 2256.0
        quality: 0
    }, class Event {
        date: 1/3/2019 12:00:00 PM
        value: 2186.0
        quality: 0
    }, class Event {
        date: 1/3/2019 1:00:00 PM
        value: 3106.0
        quality: 0
    }, class Event {
        date: 1/3/2019 2:00:00 PM
        value: 3143.0
        quality: 0
    }, class Event {
        date: 1/3/2019 3:00:00 PM
        value: 3161.0
        quality: 0
    }, class Event {
        date: 1/3/2019 4:00:00 PM
        value: 2290.0
        quality: 0
    }, class Event {
        date: 1/3/2019 5:00:00 PM
        value: 2931.0
        quality: 0
    }, class Event {
        date: 1/3/2019 6:00:00 PM
        value: 7438.0
        quality: 0
    }, class Event {
        date: 1/3/2019 7:00:00 PM
        value: 7250.0
        quality: 0
    }, class Event {
        date: 1/3/2019 8:00:00 PM
        value: 8232.0
        quality: 0
    }, class Event {
        date: 1/3/2019 9:00:00 PM
        value: 5734.0
        quality: 0
    }, class Event {
        date: 1/3/2019 10:00:00 PM
        value: 5826.0
        quality: 0
    }, class Event {
        date: 1/3/2019 11:00:00 PM
        value: 4538.0
        quality: 0
    }, class Event {
        date: 1/4/2019 12:00:00 AM
        value: 4030.0
        quality: 0
    }, class Event {
        date: 1/4/2019 1:00:00 AM
        value: 2691.0
        quality: 0
    }, class Event {
        date: 1/4/2019 2:00:00 AM
        value: 2727.0
        quality: 0
    }, class Event {
        date: 1/4/2019 3:00:00 AM
        value: 3088.0
        quality: 0
    }, class Event {
        date: 1/4/2019 4:00:00 AM
        value: 3209.0
        quality: 0
    }, class Event {
        date: 1/4/2019 5:00:00 AM
        value: 3232.0
        quality: 0
    }, class Event {
        date: 1/4/2019 6:00:00 AM
        value: 3200.0
        quality: 0
    }, class Event {
        date: 1/4/2019 7:00:00 AM
        value: 3107.0
        quality: 0
    }, class Event {
        date: 1/4/2019 8:00:00 AM
        value: 3163.0
        quality: 0
    }, class Event {
        date: 1/4/2019 9:00:00 AM
        value: 3017.0
        quality: 0
    }, class Event {
        date: 1/4/2019 10:00:00 AM
        value: 2923.0
        quality: 0
    }, class Event {
        date: 1/4/2019 11:00:00 AM
        value: 2602.0
        quality: 0
    }, class Event {
        date: 1/4/2019 12:00:00 PM
        value: 2616.0
        quality: 0
    }, class Event {
        date: 1/4/2019 1:00:00 PM
        value: 2654.0
        quality: 0
    }, class Event {
        date: 1/4/2019 2:00:00 PM
        value: 3303.0
        quality: 0
    }, class Event {
        date: 1/4/2019 3:00:00 PM
        value: 2508.0
        quality: 0
    }, class Event {
        date: 1/4/2019 4:00:00 PM
        value: 2530.0
        quality: 0
    }, class Event {
        date: 1/4/2019 5:00:00 PM
        value: 2599.0
        quality: 0
    }, class Event {
        date: 1/4/2019 6:00:00 PM
        value: 2350.0
        quality: 0
    }, class Event {
        date: 1/4/2019 7:00:00 PM
        value: 3505.0
        quality: 0
    }, class Event {
        date: 1/4/2019 8:00:00 PM
        value: 3337.0
        quality: 0
    }, class Event {
        date: 1/4/2019 9:00:00 PM
        value: 3274.0
        quality: 0
    }, class Event {
        date: 1/4/2019 10:00:00 PM
        value: 4846.0
        quality: 0
    }, class Event {
        date: 1/4/2019 11:00:00 PM
        value: 2278.0
        quality: 0
    }, class Event {
        date: 1/5/2019 12:00:00 AM
        value: 1982.0
        quality: 0
    }, class Event {
        date: 1/5/2019 1:00:00 AM
        value: 2985.0
        quality: 0
    }, class Event {
        date: 1/5/2019 2:00:00 AM
        value: 3016.0
        quality: 0
    }, class Event {
        date: 1/5/2019 3:00:00 AM
        value: 3069.0
        quality: 0
    }, class Event {
        date: 1/5/2019 4:00:00 AM
        value: 3136.0
        quality: 0
    }, class Event {
        date: 1/5/2019 5:00:00 AM
        value: 3233.0
        quality: 0
    }, class Event {
        date: 1/5/2019 6:00:00 AM
        value: 3117.0
        quality: 0
    }, class Event {
        date: 1/5/2019 7:00:00 AM
        value: 3065.0
        quality: 0
    }, class Event {
        date: 1/5/2019 8:00:00 AM
        value: 3108.0
        quality: 0
    }, class Event {
        date: 1/5/2019 9:00:00 AM
        value: 3199.0
        quality: 0
    }, class Event {
        date: 1/5/2019 10:00:00 AM
        value: 3298.0
        quality: 0
    }, class Event {
        date: 1/5/2019 11:00:00 AM
        value: 3329.0
        quality: 0
    }, class Event {
        date: 1/5/2019 12:00:00 PM
        value: 2687.0
        quality: 0
    }, class Event {
        date: 1/5/2019 1:00:00 PM
        value: 2629.0
        quality: 0
    }, class Event {
        date: 1/5/2019 2:00:00 PM
        value: 2451.0
        quality: 0
    }, class Event {
        date: 1/5/2019 3:00:00 PM
        value: 2698.0
        quality: 0
    }, class Event {
        date: 1/5/2019 4:00:00 PM
        value: 3924.0
        quality: 0
    }, class Event {
        date: 1/5/2019 5:00:00 PM
        value: 4002.0
        quality: 0
    }, class Event {
        date: 1/5/2019 6:00:00 PM
        value: 3708.0
        quality: 0
    }, class Event {
        date: 1/5/2019 7:00:00 PM
        value: 4221.0
        quality: 0
    }, class Event {
        date: 1/5/2019 8:00:00 PM
        value: 4152.0
        quality: 0
    }, class Event {
        date: 1/5/2019 9:00:00 PM
        value: 3513.0
        quality: 0
    }, class Event {
        date: 1/5/2019 10:00:00 PM
        value: 3027.0
        quality: 0
    }, class Event {
        date: 1/5/2019 11:00:00 PM
        value: 2201.0
        quality: 0
    }, class Event {
        date: 1/6/2019 12:00:00 AM
        value: 1928.0
        quality: 0
    }, class Event {
        date: 1/6/2019 1:00:00 AM
        value: 2755.0
        quality: 0
    }, class Event {
        date: 1/6/2019 2:00:00 AM
        value: 2556.0
        quality: 0
    }, class Event {
        date: 1/6/2019 3:00:00 AM
        value: 2743.0
        quality: 0
    }, class Event {
        date: 1/6/2019 4:00:00 AM
        value: 2816.0
        quality: 0
    }, class Event {
        date: 1/6/2019 5:00:00 AM
        value: 2343.0
        quality: 0
    }, class Event {
        date: 1/6/2019 6:00:00 AM
        value: 2463.0
        quality: 0
    }, class Event {
        date: 1/6/2019 7:00:00 AM
        value: 2698.0
        quality: 0
    }, class Event {
        date: 1/6/2019 8:00:00 AM
        value: 2794.0
        quality: 0
    }, class Event {
        date: 1/6/2019 9:00:00 AM
        value: 2706.0
        quality: 0
    }, class Event {
        date: 1/6/2019 10:00:00 AM
        value: 2942.0
        quality: 0
    }, class Event {
        date: 1/6/2019 11:00:00 AM
        value: 3061.0
        quality: 0
    }, class Event {
        date: 1/6/2019 12:00:00 PM
        value: 3204.0
        quality: 0
    }, class Event {
        date: 1/6/2019 1:00:00 PM
        value: 5714.0
        quality: 0
    }, class Event {
        date: 1/6/2019 2:00:00 PM
        value: 5730.0
        quality: 0
    }, class Event {
        date: 1/6/2019 3:00:00 PM
        value: 5508.0
        quality: 0
    }, class Event {
        date: 1/6/2019 4:00:00 PM
        value: 5535.0
        quality: 0
    }, class Event {
        date: 1/6/2019 5:00:00 PM
        value: 3563.0
        quality: 0
    }, class Event {
        date: 1/6/2019 6:00:00 PM
        value: 3434.0
        quality: 0
    }, class Event {
        date: 1/6/2019 7:00:00 PM
        value: 5012.0
        quality: 0
    }, class Event {
        date: 1/6/2019 8:00:00 PM
        value: 4802.0
        quality: 0
    }, class Event {
        date: 1/6/2019 9:00:00 PM
        value: 4460.0
        quality: 0
    }, class Event {
        date: 1/6/2019 10:00:00 PM
        value: 4108.0
        quality: 0
    }, class Event {
        date: 1/6/2019 11:00:00 PM
        value: 2469.0
        quality: 0
    }, class Event {
        date: 1/7/2019 12:00:00 AM
        value: 1652.0
        quality: 0
    }, class Event {
        date: 1/7/2019 1:00:00 AM
        value: 2556.0
        quality: 0
    }, class Event {
        date: 1/7/2019 2:00:00 AM
        value: 2590.0
        quality: 0
    }, class Event {
        date: 1/7/2019 3:00:00 AM
        value: 2382.0
        quality: 0
    }, class Event {
        date: 1/7/2019 4:00:00 AM
        value: 2504.0
        quality: 0
    }, class Event {
        date: 1/7/2019 5:00:00 AM
        value: 2710.0
        quality: 0
    }, class Event {
        date: 1/7/2019 6:00:00 AM
        value: 2885.0
        quality: 0
    }, class Event {
        date: 1/7/2019 7:00:00 AM
        value: 4668.0
        quality: 0
    }, class Event {
        date: 1/7/2019 8:00:00 AM
        value: 5207.0
        quality: 0
    }, class Event {
        date: 1/7/2019 9:00:00 AM
        value: 4918.0
        quality: 0
    }, class Event {
        date: 1/7/2019 10:00:00 AM
        value: 4392.0
        quality: 0
    }, class Event {
        date: 1/7/2019 11:00:00 AM
        value: 4525.0
        quality: 0
    }, class Event {
        date: 1/7/2019 12:00:00 PM
        value: 4538.0
        quality: 0
    }, class Event {
        date: 1/7/2019 1:00:00 PM
        value: 4549.0
        quality: 0
    }, class Event {
        date: 1/7/2019 2:00:00 PM
        value: 4427.0
        quality: 0
    }, class Event {
        date: 1/7/2019 3:00:00 PM
        value: 4570.0
        quality: 0
    }, class Event {
        date: 1/7/2019 4:00:00 PM
        value: 4719.0
        quality: 0
    }, class Event {
        date: 1/7/2019 5:00:00 PM
        value: 3725.0
        quality: 0
    }, class Event {
        date: 1/7/2019 6:00:00 PM
        value: 3783.0
        quality: 0
    }, class Event {
        date: 1/7/2019 7:00:00 PM
        value: 2954.0
        quality: 0
    }, class Event {
        date: 1/7/2019 8:00:00 PM
        value: 860.0
        quality: 0
    }, class Event {
        date: 1/7/2019 9:00:00 PM
        value: 3150.0
        quality: 0
    }, class Event {
        date: 1/7/2019 10:00:00 PM
        value: 4326.0
        quality: 0
    }, class Event {
        date: 1/7/2019 11:00:00 PM
        value: 2245.0
        quality: 0
    }, class Event {
        date: 1/8/2019 12:00:00 AM
        value: 1751.0
        quality: 0
    }, class Event {
        date: 1/8/2019 1:00:00 AM
        value: 1427.0
        quality: 0
    }, class Event {
        date: 1/8/2019 2:00:00 AM
        value: 1580.0
        quality: 0
    }, class Event {
        date: 1/8/2019 3:00:00 AM
        value: 1060.0
        quality: 0
    }, class Event {
        date: 1/8/2019 4:00:00 AM
        value: 1050.0
        quality: 0
    }, class Event {
        date: 1/8/2019 5:00:00 AM
        value: 982.0
        quality: 0
    }, class Event {
        date: 1/8/2019 6:00:00 AM
        value: 1439.0
        quality: 0
    }, class Event {
        date: 1/8/2019 7:00:00 AM
        value: 6121.0
        quality: 0
    }, class Event {
        date: 1/8/2019 8:00:00 AM
        value: 6405.0
        quality: 0
    }, class Event {
        date: 1/8/2019 9:00:00 AM
        value: 5881.0
        quality: 0
    }, class Event {
        date: 1/8/2019 10:00:00 AM
        value: 5578.0
        quality: 0
    }, class Event {
        date: 1/8/2019 11:00:00 AM
        value: 5947.0
        quality: 0
    }, class Event {
        date: 1/8/2019 12:00:00 PM
        value: 5705.0
        quality: 0
    }, class Event {
        date: 1/8/2019 1:00:00 PM
        value: 5905.0
        quality: 0
    }, class Event {
        date: 1/8/2019 2:00:00 PM
        value: 5862.0
        quality: 0
    }, class Event {
        date: 1/8/2019 3:00:00 PM
        value: 2794.0
        quality: 0
    }, class Event {
        date: 1/8/2019 4:00:00 PM
        value: 3026.0
        quality: 0
    }, class Event {
        date: 1/8/2019 5:00:00 PM
        value: 3271.0
        quality: 0
    }, class Event {
        date: 1/8/2019 6:00:00 PM
        value: 2729.0
        quality: 0
    }, class Event {
        date: 1/8/2019 7:00:00 PM
        value: 2259.0
        quality: 0
    }, class Event {
        date: 1/8/2019 8:00:00 PM
        value: 2331.0
        quality: 0
    }, class Event {
        date: 1/8/2019 9:00:00 PM
        value: 2420.0
        quality: 0
    }, class Event {
        date: 1/8/2019 10:00:00 PM
        value: 2096.0
        quality: 0
    }, class Event {
        date: 1/8/2019 11:00:00 PM
        value: 3049.0
        quality: 0
    }, class Event {
        date: 1/9/2019 12:00:00 AM
        value: 3029.0
        quality: 0
    }, class Event {
        date: 1/9/2019 1:00:00 AM
        value: 2331.0
        quality: 0
    }, class Event {
        date: 1/9/2019 2:00:00 AM
        value: 2185.0
        quality: 0
    }, class Event {
        date: 1/9/2019 3:00:00 AM
        value: 2319.0
        quality: 0
    }, class Event {
        date: 1/9/2019 4:00:00 AM
        value: 2253.0
        quality: 0
    }, class Event {
        date: 1/9/2019 5:00:00 AM
        value: 2284.0
        quality: 0
    }, class Event {
        date: 1/9/2019 6:00:00 AM
        value: 1974.0
        quality: 0
    }, class Event {
        date: 1/9/2019 7:00:00 AM
        value: 2059.0
        quality: 0
    }, class Event {
        date: 1/9/2019 8:00:00 AM
        value: 4065.0
        quality: 0
    }, class Event {
        date: 1/9/2019 9:00:00 AM
        value: 4130.0
        quality: 0
    }, class Event {
        date: 1/9/2019 10:00:00 AM
        value: 3929.0
        quality: 0
    }, class Event {
        date: 1/9/2019 11:00:00 AM
        value: 2925.0
        quality: 0
    }, class Event {
        date: 1/9/2019 12:00:00 PM
        value: 1913.0
        quality: 0
    }, class Event {
        date: 1/9/2019 1:00:00 PM
        value: 2175.0
        quality: 0
    }, class Event {
        date: 1/9/2019 2:00:00 PM
        value: 2110.0
        quality: 0
    }, class Event {
        date: 1/9/2019 3:00:00 PM
        value: 2310.0
        quality: 0
    }, class Event {
        date: 1/9/2019 4:00:00 PM
        value: 2034.0
        quality: 0
    }, class Event {
        date: 1/9/2019 5:00:00 PM
        value: 1325.0
        quality: 0
    }, class Event {
        date: 1/9/2019 6:00:00 PM
        value: 2802.0
        quality: 0
    }, class Event {
        date: 1/9/2019 7:00:00 PM
        value: 180.0
        quality: 0
    }, class Event {
        date: 1/9/2019 8:00:00 PM
        value: 100.0
        quality: 0
    }, class Event {
        date: 1/9/2019 9:00:00 PM
        value: 147.0
        quality: 0
    }, class Event {
        date: 1/9/2019 10:00:00 PM
        value: 1831.0
        quality: 0
    }, class Event {
        date: 1/9/2019 11:00:00 PM
        value: 1411.0
        quality: 0
    }, class Event {
        date: 1/10/2019 12:00:00 AM
        value: 818.0
        quality: 0
    }, class Event {
        date: 1/10/2019 1:00:00 AM
        value: 2257.0
        quality: 0
    }, class Event {
        date: 1/10/2019 2:00:00 AM
        value: 2157.0
        quality: 0
    }, class Event {
        date: 1/10/2019 3:00:00 AM
        value: 2400.0
        quality: 0
    }, class Event {
        date: 1/10/2019 4:00:00 AM
        value: 2586.0
        quality: 0
    }, class Event {
        date: 1/10/2019 5:00:00 AM
        value: 2717.0
        quality: 0
    }, class Event {
        date: 1/10/2019 6:00:00 AM
        value: 2105.0
        quality: 0
    }, class Event {
        date: 1/10/2019 7:00:00 AM
        value: 1447.0
        quality: 0
    }, class Event {
        date: 1/10/2019 8:00:00 AM
        value: 1432.0
        quality: 0
    }, class Event {
        date: 1/10/2019 9:00:00 AM
        value: 1342.0
        quality: 0
    }, class Event {
        date: 1/10/2019 10:00:00 AM
        value: 99.0
        quality: 0
    }, class Event {
        date: 1/10/2019 11:00:00 AM
        value: 25.0
        quality: 0
    }, class Event {
        date: 1/10/2019 12:00:00 PM
        value: 25.0
        quality: 0
    }, class Event {
        date: 1/10/2019 1:00:00 PM
        value: 25.0
        quality: 0
    }, class Event {
        date: 1/10/2019 2:00:00 PM
        value: 25.0
        quality: 0
    }, class Event {
        date: 1/10/2019 3:00:00 PM
        value: 25.0
        quality: 0
    }, class Event {
        date: 1/10/2019 4:00:00 PM
        value: 25.0
        quality: 0
    }, class Event {
        date: 1/10/2019 5:00:00 PM
        value: 25.0
        quality: 0
    }, class Event {
        date: 1/10/2019 6:00:00 PM
        value: 25.0
        quality: 0
    }, class Event {
        date: 1/10/2019 7:00:00 PM
        value: 25.0
        quality: 0
    }, class Event {
        date: 1/10/2019 8:00:00 PM
        value: 25.0
        quality: 0
    }, class Event {
        date: 1/10/2019 9:00:00 PM
        value: 25.0
        quality: 0
    }, class Event {
        date: 1/10/2019 10:00:00 PM
        value: 25.0
        quality: 0
    }, class Event {
        date: 1/10/2019 11:00:00 PM
        value: 25.0
        quality: 0
    }, class Event {
        date: 1/11/2019 12:00:00 AM
        value: 126.0
        quality: 0
    }, class Event {
        date: 1/11/2019 1:00:00 AM
        value: 1318.0
        quality: 0
    }, class Event {
        date: 1/11/2019 2:00:00 AM
        value: 1412.0
        quality: 0
    }, class Event {
        date: 1/11/2019 3:00:00 AM
        value: 2034.0
        quality: 0
    }, class Event {
        date: 1/11/2019 4:00:00 AM
        value: 2042.0
        quality: 0
    }, class Event {
        date: 1/11/2019 5:00:00 AM
        value: 2039.0
        quality: 0
    }, class Event {
        date: 1/11/2019 6:00:00 AM
        value: 1874.0
        quality: 0
    }, class Event {
        date: 1/11/2019 7:00:00 AM
        value: 1677.0
        quality: 0
    }, class Event {
        date: 1/11/2019 8:00:00 AM
        value: 3122.0
        quality: 0
    }, class Event {
        date: 1/11/2019 9:00:00 AM
        value: 3321.0
        quality: 0
    }, class Event {
        date: 1/11/2019 10:00:00 AM
        value: 2874.0
        quality: 0
    }, class Event {
        date: 1/11/2019 11:00:00 AM
        value: 2797.0
        quality: 0
    }, class Event {
        date: 1/11/2019 12:00:00 PM
        value: 2169.0
        quality: 0
    }, class Event {
        date: 1/11/2019 1:00:00 PM
        value: 2216.0
        quality: 0
    }, class Event {
        date: 1/11/2019 2:00:00 PM
        value: 2689.0
        quality: 0
    }, class Event {
        date: 1/11/2019 3:00:00 PM
        value: 2872.0
        quality: 0
    }, class Event {
        date: 1/11/2019 4:00:00 PM
        value: 2689.0
        quality: 0
    }, class Event {
        date: 1/11/2019 5:00:00 PM
        value: 2797.0
        quality: 0
    }, class Event {
        date: 1/11/2019 6:00:00 PM
        value: 5777.0
        quality: 0
    }, class Event {
        date: 1/11/2019 7:00:00 PM
        value: 5585.0
        quality: 0
    }, class Event {
        date: 1/11/2019 8:00:00 PM
        value: 3259.0
        quality: 0
    }, class Event {
        date: 1/11/2019 9:00:00 PM
        value: 3759.0
        quality: 0
    }, class Event {
        date: 1/11/2019 10:00:00 PM
        value: 2777.0
        quality: 0
    }, class Event {
        date: 1/11/2019 11:00:00 PM
        value: 3424.0
        quality: 0
    }, class Event {
        date: 1/12/2019 12:00:00 AM
        value: 2959.0
        quality: 0
    }, class Event {
        date: 1/12/2019 1:00:00 AM
        value: 2663.0
        quality: 0
    }, class Event {
        date: 1/12/2019 2:00:00 AM
        value: 2727.0
        quality: 0
    }, class Event {
        date: 1/12/2019 3:00:00 AM
        value: 2697.0
        quality: 0
    }, class Event {
        date: 1/12/2019 4:00:00 AM
        value: 2557.0
        quality: 0
    }, class Event {
        date: 1/12/2019 5:00:00 AM
        value: 2644.0
        quality: 0
    }, class Event {
        date: 1/12/2019 6:00:00 AM
        value: 2274.0
        quality: 0
    }, class Event {
        date: 1/12/2019 7:00:00 AM
        value: 2608.0
        quality: 0
    }, class Event {
        date: 1/12/2019 8:00:00 AM
        value: 2852.0
        quality: 0
    }, class Event {
        date: 1/12/2019 9:00:00 AM
        value: 2605.0
        quality: 0
    }, class Event {
        date: 1/12/2019 10:00:00 AM
        value: 1877.0
        quality: 0
    }, class Event {
        date: 1/12/2019 11:00:00 AM
        value: 1545.0
        quality: 0
    }, class Event {
        date: 1/12/2019 12:00:00 PM
        value: 1716.0
        quality: 0
    }, class Event {
        date: 1/12/2019 1:00:00 PM
        value: 1726.0
        quality: 0
    }, class Event {
        date: 1/12/2019 2:00:00 PM
        value: 1929.0
        quality: 0
    }, class Event {
        date: 1/12/2019 3:00:00 PM
        value: 1972.0
        quality: 0
    }, class Event {
        date: 1/12/2019 4:00:00 PM
        value: 150.0
        quality: 0
    }, class Event {
        date: 1/12/2019 5:00:00 PM
        value: 25.0
        quality: 0
    }, class Event {
        date: 1/12/2019 6:00:00 PM
        value: 25.0
        quality: 0
    }, class Event {
        date: 1/12/2019 7:00:00 PM
        value: 25.0
        quality: 0
    }, class Event {
        date: 1/12/2019 8:00:00 PM
        value: 25.0
        quality: 0
    }, class Event {
        date: 1/12/2019 9:00:00 PM
        value: 196.0
        quality: 0
    }, class Event {
        date: 1/12/2019 10:00:00 PM
        value: 3309.0
        quality: 0
    }, class Event {
        date: 1/12/2019 11:00:00 PM
        value: 3380.0
        quality: 0
    }, class Event {
        date: 1/13/2019 12:00:00 AM
        value: 3270.0
        quality: 0
    }, class Event {
        date: 1/13/2019 1:00:00 AM
        value: 3020.0
        quality: 0
    }, class Event {
        date: 1/13/2019 2:00:00 AM
        value: 2824.0
        quality: 0
    }, class Event {
        date: 1/13/2019 3:00:00 AM
        value: 2596.0
        quality: 0
    }, class Event {
        date: 1/13/2019 4:00:00 AM
        value: 2669.0
        quality: 0
    }, class Event {
        date: 1/13/2019 5:00:00 AM
        value: 2545.0
        quality: 0
    }, class Event {
        date: 1/13/2019 6:00:00 AM
        value: 2880.0
        quality: 0
    }, class Event {
        date: 1/13/2019 7:00:00 AM
        value: 5512.0
        quality: 0
    }, class Event {
        date: 1/13/2019 8:00:00 AM
        value: 5763.0
        quality: 0
    }, class Event {
        date: 1/13/2019 9:00:00 AM
        value: 4993.0
        quality: 0
    }, class Event {
        date: 1/13/2019 10:00:00 AM
        value: 4924.0
        quality: 0
    }, class Event {
        date: 1/13/2019 11:00:00 AM
        value: 5341.0
        quality: 0
    }, class Event {
        date: 1/13/2019 12:00:00 PM
        value: 5237.0
        quality: 0
    }, class Event {
        date: 1/13/2019 1:00:00 PM
        value: 5283.0
        quality: 0
    }, class Event {
        date: 1/13/2019 2:00:00 PM
        value: 5438.0
        quality: 0
    }, class Event {
        date: 1/13/2019 3:00:00 PM
        value: 4947.0
        quality: 0
    }, class Event {
        date: 1/13/2019 4:00:00 PM
        value: 4228.0
        quality: 0
    }, class Event {
        date: 1/13/2019 5:00:00 PM
        value: 4366.0
        quality: 0
    }, class Event {
        date: 1/13/2019 6:00:00 PM
        value: 279.0
        quality: 0
    }, class Event {
        date: 1/13/2019 7:00:00 PM
        value: 45.0
        quality: 0
    }, class Event {
        date: 1/13/2019 8:00:00 PM
        value: 48.0
        quality: 0
    }, class Event {
        date: 1/13/2019 9:00:00 PM
        value: 194.0
        quality: 0
    }, class Event {
        date: 1/13/2019 10:00:00 PM
        value: 2469.0
        quality: 0
    }, class Event {
        date: 1/13/2019 11:00:00 PM
        value: 2240.0
        quality: 0
    }, class Event {
        date: 1/14/2019 12:00:00 AM
        value: 1842.0
        quality: 0
    }, class Event {
        date: 1/14/2019 1:00:00 AM
        value: 2635.0
        quality: 0
    }, class Event {
        date: 1/14/2019 2:00:00 AM
        value: 2761.0
        quality: 0
    }, class Event {
        date: 1/14/2019 3:00:00 AM
        value: 2509.0
        quality: 0
    }, class Event {
        date: 1/14/2019 4:00:00 AM
        value: 2664.0
        quality: 0
    }, class Event {
        date: 1/14/2019 5:00:00 AM
        value: 3102.0
        quality: 0
    }, class Event {
        date: 1/14/2019 6:00:00 AM
        value: 3070.0
        quality: 0
    }, class Event {
        date: 1/14/2019 7:00:00 AM
        value: 2648.0
        quality: 0
    }, class Event {
        date: 1/14/2019 8:00:00 AM
        value: 3099.0
        quality: 0
    }, class Event {
        date: 1/14/2019 9:00:00 AM
        value: 3307.0
        quality: 0
    }, class Event {
        date: 1/14/2019 10:00:00 AM
        value: 5682.0
        quality: 0
    }, class Event {
        date: 1/14/2019 11:00:00 AM
        value: 5685.0
        quality: 0
    }, class Event {
        date: 1/14/2019 12:00:00 PM
        value: 5933.0
        quality: 0
    }, class Event {
        date: 1/14/2019 1:00:00 PM
        value: 5592.0
        quality: 0
    }, class Event {
        date: 1/14/2019 2:00:00 PM
        value: 5620.0
        quality: 0
    }, class Event {
        date: 1/14/2019 3:00:00 PM
        value: 5921.0
        quality: 0
    }, class Event {
        date: 1/14/2019 4:00:00 PM
        value: 4942.0
        quality: 0
    }, class Event {
        date: 1/14/2019 5:00:00 PM
        value: 3088.0
        quality: 0
    }, class Event {
        date: 1/14/2019 6:00:00 PM
        value: 3131.0
        quality: 0
    }, class Event {
        date: 1/14/2019 7:00:00 PM
        value: 2639.0
        quality: 0
    }, class Event {
        date: 1/14/2019 8:00:00 PM
        value: 177.0
        quality: 0
    }, class Event {
        date: 1/14/2019 9:00:00 PM
        value: 157.0
        quality: 0
    }, class Event {
        date: 1/14/2019 10:00:00 PM
        value: 2415.0
        quality: 0
    }, class Event {
        date: 1/14/2019 11:00:00 PM
        value: 2541.0
        quality: 0
    }, class Event {
        date: 1/15/2019 12:00:00 AM
        value: 2298.0
        quality: 0
    }, class Event {
        date: 1/15/2019 1:00:00 AM
        value: 2454.0
        quality: 0
    }, class Event {
        date: 1/15/2019 2:00:00 AM
        value: 2179.0
        quality: 0
    }, class Event {
        date: 1/15/2019 3:00:00 AM
        value: 2248.0
        quality: 0
    }, class Event {
        date: 1/15/2019 4:00:00 AM
        value: 2452.0
        quality: 0
    }, class Event {
        date: 1/15/2019 5:00:00 AM
        value: 2861.0
        quality: 0
    }, class Event {
        date: 1/15/2019 6:00:00 AM
        value: 3049.0
        quality: 0
    }, class Event {
        date: 1/15/2019 7:00:00 AM
        value: 5839.0
        quality: 0
    }, class Event {
        date: 1/15/2019 8:00:00 AM
        value: 5906.0
        quality: 0
    }, class Event {
        date: 1/15/2019 9:00:00 AM
        value: 2438.0
        quality: 0
    }, class Event {
        date: 1/15/2019 10:00:00 AM
        value: 1195.0
        quality: 0
    }, class Event {
        date: 1/15/2019 11:00:00 AM
        value: 1995.0
        quality: 0
    }, class Event {
        date: 1/15/2019 12:00:00 PM
        value: 2041.0
        quality: 0
    }, class Event {
        date: 1/15/2019 1:00:00 PM
        value: 1753.0
        quality: 0
    }, class Event {
        date: 1/15/2019 2:00:00 PM
        value: 1640.0
        quality: 0
    }, class Event {
        date: 1/15/2019 3:00:00 PM
        value: 2421.0
        quality: 0
    }, class Event {
        date: 1/15/2019 4:00:00 PM
        value: 1060.0
        quality: 0
    }, class Event {
        date: 1/15/2019 5:00:00 PM
        value: 1890.0
        quality: 0
    }, class Event {
        date: 1/15/2019 6:00:00 PM
        value: 2778.0
        quality: 0
    }, class Event {
        date: 1/15/2019 7:00:00 PM
        value: 174.0
        quality: 0
    }, class Event {
        date: 1/15/2019 8:00:00 PM
        value: 146.0
        quality: 0
    }, class Event {
        date: 1/15/2019 9:00:00 PM
        value: 2130.0
        quality: 0
    }, class Event {
        date: 1/15/2019 10:00:00 PM
        value: 1894.0
        quality: 0
    }, class Event {
        date: 1/15/2019 11:00:00 PM
        value: 3178.0
        quality: 0
    }, class Event {
        date: 1/16/2019 12:00:00 AM
        value: 2976.0
        quality: 0
    }, class Event {
        date: 1/16/2019 1:00:00 AM
        value: 2443.0
        quality: 0
    }, class Event {
        date: 1/16/2019 2:00:00 AM
        value: 2655.0
        quality: 0
    }, class Event {
        date: 1/16/2019 3:00:00 AM
        value: 2474.0
        quality: 0
    }, class Event {
        date: 1/16/2019 4:00:00 AM
        value: 2407.0
        quality: 0
    }, class Event {
        date: 1/16/2019 5:00:00 AM
        value: 2427.0
        quality: 0
    }, class Event {
        date: 1/16/2019 6:00:00 AM
        value: 2421.0
        quality: 0
    }, class Event {
        date: 1/16/2019 7:00:00 AM
        value: 3001.0
        quality: 0
    }, class Event {
        date: 1/16/2019 8:00:00 AM
        value: 3260.0
        quality: 0
    }, class Event {
        date: 1/16/2019 9:00:00 AM
        value: 3014.0
        quality: 0
    }, class Event {
        date: 1/16/2019 10:00:00 AM
        value: 2433.0
        quality: 0
    }, class Event {
        date: 1/16/2019 11:00:00 AM
        value: 2795.0
        quality: 0
    }, class Event {
        date: 1/16/2019 12:00:00 PM
        value: 2727.0
        quality: 0
    }, class Event {
        date: 1/16/2019 1:00:00 PM
        value: 2777.0
        quality: 0
    }, class Event {
        date: 1/16/2019 2:00:00 PM
        value: 2629.0
        quality: 0
    }, class Event {
        date: 1/16/2019 3:00:00 PM
        value: 1769.0
        quality: 0
    }, class Event {
        date: 1/16/2019 4:00:00 PM
        value: 1829.0
        quality: 0
    }, class Event {
        date: 1/16/2019 5:00:00 PM
        value: 1673.0
        quality: 0
    }, class Event {
        date: 1/16/2019 6:00:00 PM
        value: 132.0
        quality: 0
    }, class Event {
        date: 1/16/2019 7:00:00 PM
        value: 25.0
        quality: 0
    }, class Event {
        date: 1/16/2019 8:00:00 PM
        value: 25.0
        quality: 0
    }, class Event {
        date: 1/16/2019 9:00:00 PM
        value: 25.0
        quality: 0
    }, class Event {
        date: 1/16/2019 10:00:00 PM
        value: 25.0
        quality: 0
    }, class Event {
        date: 1/16/2019 11:00:00 PM
        value: 25.0
        quality: 0
    }, class Event {
        date: 1/17/2019 12:00:00 AM
        value: 25.0
        quality: 0
    }, class Event {
        date: 1/17/2019 1:00:00 AM
        value: 25.0
        quality: 0
    }, class Event {
        date: 1/17/2019 2:00:00 AM
        value: 25.0
        quality: 0
    }, class Event {
        date: 1/17/2019 3:00:00 AM
        value: 25.0
        quality: 0
    }, class Event {
        date: 1/17/2019 4:00:00 AM
        value: 104.0
        quality: 0
    }, class Event {
        date: 1/17/2019 5:00:00 AM
        value: 1365.0
        quality: 0
    }, class Event {
        date: 1/17/2019 6:00:00 AM
        value: 764.0
        quality: 0
    }, class Event {
        date: 1/17/2019 7:00:00 AM
        value: 2040.0
        quality: 0
    }, class Event {
        date: 1/17/2019 8:00:00 AM
        value: 2344.0
        quality: 0
    }, class Event {
        date: 1/17/2019 9:00:00 AM
        value: 2386.0
        quality: 0
    }, class Event {
        date: 1/17/2019 10:00:00 AM
        value: 2372.0
        quality: 0
    }, class Event {
        date: 1/17/2019 11:00:00 AM
        value: 583.0
        quality: 0
    }, class Event {
        date: 1/17/2019 12:00:00 PM
        value: 25.0
        quality: 0
    }, class Event {
        date: 1/17/2019 1:00:00 PM
        value: 25.0
        quality: 0
    }, class Event {
        date: 1/17/2019 2:00:00 PM
        value: 25.0
        quality: 0
    }, class Event {
        date: 1/17/2019 3:00:00 PM
        value: 25.0
        quality: 0
    }, class Event {
        date: 1/17/2019 4:00:00 PM
        value: 25.0
        quality: 0
    }, class Event {
        date: 1/17/2019 5:00:00 PM
        value: 25.0
        quality: 0
    }, class Event {
        date: 1/17/2019 6:00:00 PM
        value: 25.0
        quality: 0
    }, class Event {
        date: 1/17/2019 7:00:00 PM
        value: 25.0
        quality: 0
    }, class Event {
        date: 1/17/2019 8:00:00 PM
        value: 25.0
        quality: 0
    }, class Event {
        date: 1/17/2019 9:00:00 PM
        value: 25.0
        quality: 0
    }, class Event {
        date: 1/17/2019 10:00:00 PM
        value: 25.0
        quality: 0
    }, class Event {
        date: 1/17/2019 11:00:00 PM
        value: 25.0
        quality: 0
    }, class Event {
        date: 1/18/2019 12:00:00 AM
        value: 25.0
        quality: 0
    }, class Event {
        date: 1/18/2019 1:00:00 AM
        value: 25.0
        quality: 0
    }, class Event {
        date: 1/18/2019 2:00:00 AM
        value: 25.0
        quality: 0
    }, class Event {
        date: 1/18/2019 3:00:00 AM
        value: 25.0
        quality: 0
    }, class Event {
        date: 1/18/2019 4:00:00 AM
        value: 25.0
        quality: 0
    }, class Event {
        date: 1/18/2019 5:00:00 AM
        value: 25.0
        quality: 0
    }, class Event {
        date: 1/18/2019 6:00:00 AM
        value: 116.0
        quality: 0
    }, class Event {
        date: 1/18/2019 7:00:00 AM
        value: 1528.0
        quality: 0
    }, class Event {
        date: 1/18/2019 8:00:00 AM
        value: 1517.0
        quality: 0
    }, class Event {
        date: 1/18/2019 9:00:00 AM
        value: 106.0
        quality: 0
    }, class Event {
        date: 1/18/2019 10:00:00 AM
        value: 25.0
        quality: 0
    }, class Event {
        date: 1/18/2019 11:00:00 AM
        value: 25.0
        quality: 0
    }, class Event {
        date: 1/18/2019 12:00:00 PM
        value: 25.0
        quality: 0
    }, class Event {
        date: 1/18/2019 1:00:00 PM
        value: 25.0
        quality: 0
    }, class Event {
        date: 1/18/2019 2:00:00 PM
        value: 25.0
        quality: 0
    }, class Event {
        date: 1/18/2019 3:00:00 PM
        value: 25.0
        quality: 0
    }, class Event {
        date: 1/18/2019 4:00:00 PM
        value: 25.0
        quality: 0
    }, class Event {
        date: 1/18/2019 5:00:00 PM
        value: 127.0
        quality: 0
    }, class Event {
        date: 1/18/2019 6:00:00 PM
        value: 1727.0
        quality: 0
    }, class Event {
        date: 1/18/2019 7:00:00 PM
        value: 122.0
        quality: 0
    }, class Event {
        date: 1/18/2019 8:00:00 PM
        value: 25.0
        quality: 0
    }, class Event {
        date: 1/18/2019 9:00:00 PM
        value: 25.0
        quality: 0
    }, class Event {
        date: 1/18/2019 10:00:00 PM
        value: 25.0
        quality: 0
    }, class Event {
        date: 1/18/2019 11:00:00 PM
        value: 25.0
        quality: 0
    }, class Event {
        date: 1/19/2019 12:00:00 AM
        value: 25.0
        quality: 0
    }, class Event {
        date: 1/19/2019 1:00:00 AM
        value: 25.0
        quality: 0
    }, class Event {
        date: 1/19/2019 2:00:00 AM
        value: 25.0
        quality: 0
    }, class Event {
        date: 1/19/2019 3:00:00 AM
        value: 25.0
        quality: 0
    }, class Event {
        date: 1/19/2019 4:00:00 AM
        value: 25.0
        quality: 0
    }, class Event {
        date: 1/19/2019 5:00:00 AM
        value: 25.0
        quality: 0
    }, class Event {
        date: 1/19/2019 6:00:00 AM
        value: 25.0
        quality: 0
    }, class Event {
        date: 1/19/2019 7:00:00 AM
        value: 25.0
        quality: 0
    }, class Event {
        date: 1/19/2019 8:00:00 AM
        value: 111.0
        quality: 0
    }, class Event {
        date: 1/19/2019 9:00:00 AM
        value: 1225.0
        quality: 0
    }, class Event {
        date: 1/19/2019 10:00:00 AM
        value: 1181.0
        quality: 0
    }, class Event {
        date: 1/19/2019 11:00:00 AM
        value: 387.0
        quality: 0
    }, class Event {
        date: 1/19/2019 12:00:00 PM
        value: 83.0
        quality: 0
    }, class Event {
        date: 1/19/2019 1:00:00 PM
        value: 25.0
        quality: 0
    }, class Event {
        date: 1/19/2019 2:00:00 PM
        value: 25.0
        quality: 0
    }, class Event {
        date: 1/19/2019 3:00:00 PM
        value: 25.0
        quality: 0
    }, class Event {
        date: 1/19/2019 4:00:00 PM
        value: 25.0
        quality: 0
    }, class Event {
        date: 1/19/2019 5:00:00 PM
        value: 25.0
        quality: 0
    }, class Event {
        date: 1/19/2019 6:00:00 PM
        value: 25.0
        quality: 0
    }, class Event {
        date: 1/19/2019 7:00:00 PM
        value: 29.0
        quality: 0
    }, class Event {
        date: 1/19/2019 8:00:00 PM
        value: 198.0
        quality: 0
    }, class Event {
        date: 1/19/2019 9:00:00 PM
        value: 148.0
        quality: 0
    }, class Event {
        date: 1/19/2019 10:00:00 PM
        value: 1487.0
        quality: 0
    }, class Event {
        date: 1/19/2019 11:00:00 PM
        value: 1291.0
        quality: 0
    }, class Event {
        date: 1/20/2019 12:00:00 AM
        value: 803.0
        quality: 0
    }, class Event {
        date: 1/20/2019 1:00:00 AM
        value: 1643.0
        quality: 0
    }, class Event {
        date: 1/20/2019 2:00:00 AM
        value: 1704.0
        quality: 0
    }, class Event {
        date: 1/20/2019 3:00:00 AM
        value: 1726.0
        quality: 0
    }, class Event {
        date: 1/20/2019 4:00:00 AM
        value: 1354.0
        quality: 0
    }, class Event {
        date: 1/20/2019 5:00:00 AM
        value: 1114.0
        quality: 0
    }, class Event {
        date: 1/20/2019 6:00:00 AM
        value: 901.0
        quality: 0
    }, class Event {
        date: 1/20/2019 7:00:00 AM
        value: 1281.0
        quality: 0
    }, class Event {
        date: 1/20/2019 8:00:00 AM
        value: 112.0
        quality: 0
    }, class Event {
        date: 1/20/2019 9:00:00 AM
        value: 25.0
        quality: 0
    }, class Event {
        date: 1/20/2019 10:00:00 AM
        value: 25.0
        quality: 0
    }, class Event {
        date: 1/20/2019 11:00:00 AM
        value: 104.0
        quality: 0
    }, class Event {
        date: 1/20/2019 12:00:00 PM
        value: 511.0
        quality: 0
    }, class Event {
        date: 1/20/2019 1:00:00 PM
        value: 96.0
        quality: 0
    }, class Event {
        date: 1/20/2019 2:00:00 PM
        value: 54.0
        quality: 0
    }, class Event {
        date: 1/20/2019 3:00:00 PM
        value: 29.0
        quality: 0
    }, class Event {
        date: 1/20/2019 4:00:00 PM
        value: 25.0
        quality: 0
    }, class Event {
        date: 1/20/2019 5:00:00 PM
        value: 111.0
        quality: 0
    }, class Event {
        date: 1/20/2019 6:00:00 PM
        value: 1502.0
        quality: 0
    }, class Event {
        date: 1/20/2019 7:00:00 PM
        value: 1465.0
        quality: 0
    }, class Event {
        date: 1/20/2019 8:00:00 PM
        value: 1340.0
        quality: 0
    }, class Event {
        date: 1/20/2019 9:00:00 PM
        value: 985.0
        quality: 0
    }, class Event {
        date: 1/20/2019 10:00:00 PM
        value: 1386.0
        quality: 0
    }, class Event {
        date: 1/20/2019 11:00:00 PM
        value: 1638.0
        quality: 0
    }, class Event {
        date: 1/21/2019 12:00:00 AM
        value: 1376.0
        quality: 0
    }, class Event {
        date: 1/21/2019 1:00:00 AM
        value: 1182.0
        quality: 0
    }, class Event {
        date: 1/21/2019 2:00:00 AM
        value: 1076.0
        quality: 0
    }, class Event {
        date: 1/21/2019 3:00:00 AM
        value: 1122.0
        quality: 0
    }, class Event {
        date: 1/21/2019 4:00:00 AM
        value: 1315.0
        quality: 0
    }, class Event {
        date: 1/21/2019 5:00:00 AM
        value: 1464.0
        quality: 0
    }, class Event {
        date: 1/21/2019 6:00:00 AM
        value: 1359.0
        quality: 0
    }, class Event {
        date: 1/21/2019 7:00:00 AM
        value: 980.0
        quality: 0
    }, class Event {
        date: 1/21/2019 8:00:00 AM
        value: 1282.0
        quality: 0
    }, class Event {
        date: 1/21/2019 9:00:00 AM
        value: 379.0
        quality: 0
    }, class Event {
        date: 1/21/2019 10:00:00 AM
        value: 77.0
        quality: 0
    }, class Event {
        date: 1/21/2019 11:00:00 AM
        value: 66.0
        quality: 0
    }, class Event {
        date: 1/21/2019 12:00:00 PM
        value: 430.0
        quality: 0
    }, class Event {
        date: 1/21/2019 1:00:00 PM
        value: 227.0
        quality: 0
    }, class Event {
        date: 1/21/2019 2:00:00 PM
        value: 162.0
        quality: 0
    }, class Event {
        date: 1/21/2019 3:00:00 PM
        value: 512.0
        quality: 0
    }, class Event {
        date: 1/21/2019 4:00:00 PM
        value: 79.0
        quality: 0
    }, class Event {
        date: 1/21/2019 5:00:00 PM
        value: 25.0
        quality: 0
    }, class Event {
        date: 1/21/2019 6:00:00 PM
        value: 25.0
        quality: 0
    }, class Event {
        date: 1/21/2019 7:00:00 PM
        value: 25.0
        quality: 0
    }, class Event {
        date: 1/21/2019 8:00:00 PM
        value: 25.0
        quality: 0
    }, class Event {
        date: 1/21/2019 9:00:00 PM
        value: 25.0
        quality: 0
    }, class Event {
        date: 1/21/2019 10:00:00 PM
        value: 25.0
        quality: 0
    }, class Event {
        date: 1/21/2019 11:00:00 PM
        value: 658.0
        quality: 0
    }, class Event {
        date: 1/22/2019 12:00:00 AM
        value: 668.0
        quality: 0
    }, class Event {
        date: 1/22/2019 1:00:00 AM
        value: 1479.0
        quality: 0
    }, class Event {
        date: 1/22/2019 2:00:00 AM
        value: 1497.0
        quality: 0
    }, class Event {
        date: 1/22/2019 3:00:00 AM
        value: 1542.0
        quality: 0
    }, class Event {
        date: 1/22/2019 4:00:00 AM
        value: 1521.0
        quality: 0
    }, class Event {
        date: 1/22/2019 5:00:00 AM
        value: 1744.0
        quality: 0
    }, class Event {
        date: 1/22/2019 6:00:00 AM
        value: 2426.0
        quality: 0
    }, class Event {
        date: 1/22/2019 7:00:00 AM
        value: 3431.0
        quality: 0
    }, class Event {
        date: 1/22/2019 8:00:00 AM
        value: 3611.0
        quality: 0
    }, class Event {
        date: 1/22/2019 9:00:00 AM
        value: 3263.0
        quality: 0
    }, class Event {
        date: 1/22/2019 10:00:00 AM
        value: 2397.0
        quality: 0
    }, class Event {
        date: 1/22/2019 11:00:00 AM
        value: 2852.0
        quality: 0
    }, class Event {
        date: 1/22/2019 12:00:00 PM
        value: 2561.0
        quality: 0
    }, class Event {
        date: 1/22/2019 1:00:00 PM
        value: 2694.0
        quality: 0
    }, class Event {
        date: 1/22/2019 2:00:00 PM
        value: 2676.0
        quality: 0
    }, class Event {
        date: 1/22/2019 3:00:00 PM
        value: 3929.0
        quality: 0
    }, class Event {
        date: 1/22/2019 4:00:00 PM
        value: 4371.0
        quality: 0
    }, class Event {
        date: 1/22/2019 5:00:00 PM
        value: 4991.0
        quality: 0
    }, class Event {
        date: 1/22/2019 6:00:00 PM
        value: 5217.0
        quality: 0
    }, class Event {
        date: 1/22/2019 7:00:00 PM
        value: 5036.0
        quality: 0
    }, class Event {
        date: 1/22/2019 8:00:00 PM
        value: 2977.0
        quality: 0
    }, class Event {
        date: 1/22/2019 9:00:00 PM
        value: 2692.0
        quality: 0
    }, class Event {
        date: 1/22/2019 10:00:00 PM
        value: 2206.0
        quality: 0
    }, class Event {
        date: 1/22/2019 11:00:00 PM
        value: 3222.0
        quality: 0
    }, class Event {
        date: 1/23/2019 12:00:00 AM
        value: 3062.0
        quality: 0
    }, class Event {
        date: 1/23/2019 1:00:00 AM
        value: 2406.0
        quality: 0
    }, class Event {
        date: 1/23/2019 2:00:00 AM
        value: 2346.0
        quality: 0
    }, class Event {
        date: 1/23/2019 3:00:00 AM
        value: 2361.0
        quality: 0
    }, class Event {
        date: 1/23/2019 4:00:00 AM
        value: 2140.0
        quality: 0
    }, class Event {
        date: 1/23/2019 5:00:00 AM
        value: 2204.0
        quality: 0
    }, class Event {
        date: 1/23/2019 6:00:00 AM
        value: 2388.0
        quality: 0
    }, class Event {
        date: 1/23/2019 7:00:00 AM
        value: 2276.0
        quality: 0
    }, class Event {
        date: 1/23/2019 8:00:00 AM
        value: 2404.0
        quality: 0
    }, class Event {
        date: 1/23/2019 9:00:00 AM
        value: 1629.0
        quality: 0
    }, class Event {
        date: 1/23/2019 10:00:00 AM
        value: 139.0
        quality: 0
    }, class Event {
        date: 1/23/2019 11:00:00 AM
        value: 25.0
        quality: 0
    }, class Event {
        date: 1/23/2019 12:00:00 PM
        value: 25.0
        quality: 0
    }, class Event {
        date: 1/23/2019 1:00:00 PM
        value: 25.0
        quality: 0
    }, class Event {
        date: 1/23/2019 2:00:00 PM
        value: 25.0
        quality: 0
    }, class Event {
        date: 1/23/2019 3:00:00 PM
        value: 25.0
        quality: 0
    }, class Event {
        date: 1/23/2019 4:00:00 PM
        value: 25.0
        quality: 0
    }, class Event {
        date: 1/23/2019 5:00:00 PM
        value: 25.0
        quality: 0
    }, class Event {
        date: 1/23/2019 6:00:00 PM
        value: 25.0
        quality: 0
    }, class Event {
        date: 1/23/2019 7:00:00 PM
        value: 25.0
        quality: 0
    }, class Event {
        date: 1/23/2019 8:00:00 PM
        value: 25.0
        quality: 0
    }, class Event {
        date: 1/23/2019 9:00:00 PM
        value: 131.0
        quality: 0
    }, class Event {
        date: 1/23/2019 10:00:00 PM
        value: 1977.0
        quality: 0
    }, class Event {
        date: 1/23/2019 11:00:00 PM
        value: 2739.0
        quality: 0
    }, class Event {
        date: 1/24/2019 12:00:00 AM
        value: 2658.0
        quality: 0
    }, class Event {
        date: 1/24/2019 1:00:00 AM
        value: 2390.0
        quality: 0
    }, class Event {
        date: 1/24/2019 2:00:00 AM
        value: 2319.0
        quality: 0
    }, class Event {
        date: 1/24/2019 3:00:00 AM
        value: 2377.0
        quality: 0
    }, class Event {
        date: 1/24/2019 4:00:00 AM
        value: 2563.0
        quality: 0
    }, class Event {
        date: 1/24/2019 5:00:00 AM
        value: 2888.0
        quality: 0
    }, class Event {
        date: 1/24/2019 6:00:00 AM
        value: 2766.0
        quality: 0
    }, class Event {
        date: 1/24/2019 7:00:00 AM
        value: 2401.0
        quality: 0
    }, class Event {
        date: 1/24/2019 8:00:00 AM
        value: 2432.0
        quality: 0
    }, class Event {
        date: 1/24/2019 9:00:00 AM
        value: 1329.0
        quality: 0
    }, class Event {
        date: 1/24/2019 10:00:00 AM
        value: 1286.0
        quality: 0
    }, class Event {
        date: 1/24/2019 11:00:00 AM
        value: 1543.0
        quality: 0
    }, class Event {
        date: 1/24/2019 12:00:00 PM
        value: 2235.0
        quality: 0
    }, class Event {
        date: 1/24/2019 1:00:00 PM
        value: 2118.0
        quality: 0
    }, class Event {
        date: 1/24/2019 2:00:00 PM
        value: 2190.0
        quality: 0
    }, class Event {
        date: 1/24/2019 3:00:00 PM
        value: 2223.0
        quality: 0
    }, class Event {
        date: 1/24/2019 4:00:00 PM
        value: 2182.0
        quality: 0
    }, class Event {
        date: 1/24/2019 5:00:00 PM
        value: 2481.0
        quality: 0
    }, class Event {
        date: 1/24/2019 6:00:00 PM
        value: 2478.0
        quality: 0
    }, class Event {
        date: 1/24/2019 7:00:00 PM
        value: 2641.0
        quality: 0
    }, class Event {
        date: 1/24/2019 8:00:00 PM
        value: 2274.0
        quality: 0
    }, class Event {
        date: 1/24/2019 9:00:00 PM
        value: 2473.0
        quality: 0
    }, class Event {
        date: 1/24/2019 10:00:00 PM
        value: 3589.0
        quality: 0
    }, class Event {
        date: 1/24/2019 11:00:00 PM
        value: 3505.0
        quality: 0
    }, class Event {
        date: 1/25/2019 12:00:00 AM
        value: 2621.0
        quality: 0
    }, class Event {
        date: 1/25/2019 1:00:00 AM
        value: 2382.0
        quality: 0
    }, class Event {
        date: 1/25/2019 2:00:00 AM
        value: 2437.0
        quality: 0
    }, class Event {
        date: 1/25/2019 3:00:00 AM
        value: 2217.0
        quality: 0
    }, class Event {
        date: 1/25/2019 4:00:00 AM
        value: 2307.0
        quality: 0
    }, class Event {
        date: 1/25/2019 5:00:00 AM
        value: 2396.0
        quality: 0
    }, class Event {
        date: 1/25/2019 6:00:00 AM
        value: 2345.0
        quality: 0
    }, class Event {
        date: 1/25/2019 7:00:00 AM
        value: 1760.0
        quality: 0
    }, class Event {
        date: 1/25/2019 8:00:00 AM
        value: 2192.0
        quality: 0
    }, class Event {
        date: 1/25/2019 9:00:00 AM
        value: 2398.0
        quality: 0
    }, class Event {
        date: 1/25/2019 10:00:00 AM
        value: 2155.0
        quality: 0
    }, class Event {
        date: 1/25/2019 11:00:00 AM
        value: 2397.0
        quality: 0
    }, class Event {
        date: 1/25/2019 12:00:00 PM
        value: 2520.0
        quality: 0
    }, class Event {
        date: 1/25/2019 1:00:00 PM
        value: 2510.0
        quality: 0
    }, class Event {
        date: 1/25/2019 2:00:00 PM
        value: 2571.0
        quality: 0
    }, class Event {
        date: 1/25/2019 3:00:00 PM
        value: 2596.0
        quality: 0
    }, class Event {
        date: 1/25/2019 4:00:00 PM
        value: 2376.0
        quality: 0
    }, class Event {
        date: 1/25/2019 5:00:00 PM
        value: 2596.0
        quality: 0
    }, class Event {
        date: 1/25/2019 6:00:00 PM
        value: 189.0
        quality: 0
    }, class Event {
        date: 1/25/2019 7:00:00 PM
        value: 50.0
        quality: 0
    }, class Event {
        date: 1/25/2019 8:00:00 PM
        value: 132.0
        quality: 0
    }, class Event {
        date: 1/25/2019 9:00:00 PM
        value: 1784.0
        quality: 0
    }, class Event {
        date: 1/25/2019 10:00:00 PM
        value: 2208.0
        quality: 0
    }, class Event {
        date: 1/25/2019 11:00:00 PM
        value: 2385.0
        quality: 0
    }, class Event {
        date: 1/26/2019 12:00:00 AM
        value: 2880.0
        quality: 0
    }, class Event {
        date: 1/26/2019 1:00:00 AM
        value: 3404.0
        quality: 0
    }, class Event {
        date: 1/26/2019 2:00:00 AM
        value: 3110.0
        quality: 0
    }, class Event {
        date: 1/26/2019 3:00:00 AM
        value: 2137.0
        quality: 0
    }, class Event {
        date: 1/26/2019 4:00:00 AM
        value: 1952.0
        quality: 0
    }, class Event {
        date: 1/26/2019 5:00:00 AM
        value: 2233.0
        quality: 0
    }, class Event {
        date: 1/26/2019 6:00:00 AM
        value: 2713.0
        quality: 0
    }, class Event {
        date: 1/26/2019 7:00:00 AM
        value: 2350.0
        quality: 0
    }, class Event {
        date: 1/26/2019 8:00:00 AM
        value: 2379.0
        quality: 0
    }, class Event {
        date: 1/26/2019 9:00:00 AM
        value: 2248.0
        quality: 0
    }, class Event {
        date: 1/26/2019 10:00:00 AM
        value: 2277.0
        quality: 0
    }, class Event {
        date: 1/26/2019 11:00:00 AM
        value: 2766.0
        quality: 0
    }, class Event {
        date: 1/26/2019 12:00:00 PM
        value: 2767.0
        quality: 0
    }, class Event {
        date: 1/26/2019 1:00:00 PM
        value: 2635.0
        quality: 0
    }, class Event {
        date: 1/26/2019 2:00:00 PM
        value: 2727.0
        quality: 0
    }, class Event {
        date: 1/26/2019 3:00:00 PM
        value: 2888.0
        quality: 0
    }, class Event {
        date: 1/26/2019 4:00:00 PM
        value: 2780.0
        quality: 0
    }, class Event {
        date: 1/26/2019 5:00:00 PM
        value: 2792.0
        quality: 0
    }, class Event {
        date: 1/26/2019 6:00:00 PM
        value: 1174.0
        quality: 0
    }, class Event {
        date: 1/26/2019 7:00:00 PM
        value: 1085.0
        quality: 0
    }, class Event {
        date: 1/26/2019 8:00:00 PM
        value: 909.0
        quality: 0
    }, class Event {
        date: 1/26/2019 9:00:00 PM
        value: 1069.0
        quality: 0
    }, class Event {
        date: 1/26/2019 10:00:00 PM
        value: 2281.0
        quality: 0
    }, class Event {
        date: 1/26/2019 11:00:00 PM
        value: 2639.0
        quality: 0
    }, class Event {
        date: 1/27/2019 12:00:00 AM
        value: 2359.0
        quality: 0
    }, class Event {
        date: 1/27/2019 1:00:00 AM
        value: 2490.0
        quality: 0
    }, class Event {
        date: 1/27/2019 2:00:00 AM
        value: 2146.0
        quality: 0
    }, class Event {
        date: 1/27/2019 3:00:00 AM
        value: 2324.0
        quality: 0
    }, class Event {
        date: 1/27/2019 4:00:00 AM
        value: 2330.0
        quality: 0
    }, class Event {
        date: 1/27/2019 5:00:00 AM
        value: 2423.0
        quality: 0
    }, class Event {
        date: 1/27/2019 6:00:00 AM
        value: 2544.0
        quality: 0
    }, class Event {
        date: 1/27/2019 7:00:00 AM
        value: 2432.0
        quality: 0
    }, class Event {
        date: 1/27/2019 8:00:00 AM
        value: 2422.0
        quality: 0
    }, class Event {
        date: 1/27/2019 9:00:00 AM
        value: 3063.0
        quality: 0
    }, class Event {
        date: 1/27/2019 10:00:00 AM
        value: 2715.0
        quality: 0
    }, class Event {
        date: 1/27/2019 11:00:00 AM
        value: 1933.0
        quality: 0
    }, class Event {
        date: 1/27/2019 12:00:00 PM
        value: 2024.0
        quality: 0
    }, class Event {
        date: 1/27/2019 1:00:00 PM
        value: 1799.0
        quality: 0
    }, class Event {
        date: 1/27/2019 2:00:00 PM
        value: 2178.0
        quality: 0
    }, class Event {
        date: 1/27/2019 3:00:00 PM
        value: 2243.0
        quality: 0
    }, class Event {
        date: 1/27/2019 4:00:00 PM
        value: 2528.0
        quality: 0
    }, class Event {
        date: 1/27/2019 5:00:00 PM
        value: 2847.0
        quality: 0
    }, class Event {
        date: 1/27/2019 6:00:00 PM
        value: 2562.0
        quality: 0
    }, class Event {
        date: 1/27/2019 7:00:00 PM
        value: 2248.0
        quality: 0
    }, class Event {
        date: 1/27/2019 8:00:00 PM
        value: 2225.0
        quality: 0
    }, class Event {
        date: 1/27/2019 9:00:00 PM
        value: 2463.0
        quality: 0
    }, class Event {
        date: 1/27/2019 10:00:00 PM
        value: 1969.0
        quality: 0
    }, class Event {
        date: 1/27/2019 11:00:00 PM
        value: 2349.0
        quality: 0
    }, class Event {
        date: 1/28/2019 12:00:00 AM
        value: 2209.0
        quality: 0
    }, class Event {
        date: 1/28/2019 1:00:00 AM
        value: 2278.0
        quality: 0
    }, class Event {
        date: 1/28/2019 2:00:00 AM
        value: 2117.0
        quality: 0
    }, class Event {
        date: 1/28/2019 3:00:00 AM
        value: 2222.0
        quality: 0
    }, class Event {
        date: 1/28/2019 4:00:00 AM
        value: 2481.0
        quality: 0
    }, class Event {
        date: 1/28/2019 5:00:00 AM
        value: 2725.0
        quality: 0
    }, class Event {
        date: 1/28/2019 6:00:00 AM
        value: 2519.0
        quality: 0
    }, class Event {
        date: 1/28/2019 7:00:00 AM
        value: 2315.0
        quality: 0
    }, class Event {
        date: 1/28/2019 8:00:00 AM
        value: 2477.0
        quality: 0
    }, class Event {
        date: 1/28/2019 9:00:00 AM
        value: 1440.0
        quality: 0
    }, class Event {
        date: 1/28/2019 10:00:00 AM
        value: 2121.0
        quality: 0
    }, class Event {
        date: 1/28/2019 11:00:00 AM
        value: 2310.0
        quality: 0
    }, class Event {
        date: 1/28/2019 12:00:00 PM
        value: 2083.0
        quality: 0
    }, class Event {
        date: 1/28/2019 1:00:00 PM
        value: 2021.0
        quality: 0
    }, class Event {
        date: 1/28/2019 2:00:00 PM
        value: 2125.0
        quality: 0
    }, class Event {
        date: 1/28/2019 3:00:00 PM
        value: 2755.0
        quality: 0
    }, class Event {
        date: 1/28/2019 4:00:00 PM
        value: 2625.0
        quality: 0
    }, class Event {
        date: 1/28/2019 5:00:00 PM
        value: 2382.0
        quality: 0
    }, class Event {
        date: 1/28/2019 6:00:00 PM
        value: 1820.0
        quality: 0
    }, class Event {
        date: 1/28/2019 7:00:00 PM
        value: 1569.0
        quality: 0
    }, class Event {
        date: 1/28/2019 8:00:00 PM
        value: 1603.0
        quality: 0
    }, class Event {
        date: 1/28/2019 9:00:00 PM
        value: 1862.0
        quality: 0
    }, class Event {
        date: 1/28/2019 10:00:00 PM
        value: 2832.0
        quality: 0
    }, class Event {
        date: 1/28/2019 11:00:00 PM
        value: 1834.0
        quality: 0
    }, class Event {
        date: 1/29/2019 12:00:00 AM
        value: 1304.0
        quality: 0
    }, class Event {
        date: 1/29/2019 1:00:00 AM
        value: 2427.0
        quality: 0
    }, class Event {
        date: 1/29/2019 2:00:00 AM
        value: 2395.0
        quality: 0
    }, class Event {
        date: 1/29/2019 3:00:00 AM
        value: 2347.0
        quality: 0
    }, class Event {
        date: 1/29/2019 4:00:00 AM
        value: 2267.0
        quality: 0
    }, class Event {
        date: 1/29/2019 5:00:00 AM
        value: 2191.0
        quality: 0
    }, class Event {
        date: 1/29/2019 6:00:00 AM
        value: 2214.0
        quality: 0
    }, class Event {
        date: 1/29/2019 7:00:00 AM
        value: 2595.0
        quality: 0
    }, class Event {
        date: 1/29/2019 8:00:00 AM
        value: 2630.0
        quality: 0
    }, class Event {
        date: 1/29/2019 9:00:00 AM
        value: 2538.0
        quality: 0
    }, class Event {
        date: 1/29/2019 10:00:00 AM
        value: 2503.0
        quality: 0
    }, class Event {
        date: 1/29/2019 11:00:00 AM
        value: 2319.0
        quality: 0
    }, class Event {
        date: 1/29/2019 12:00:00 PM
        value: 2321.0
        quality: 0
    }, class Event {
        date: 1/29/2019 1:00:00 PM
        value: 2210.0
        quality: 0
    }, class Event {
        date: 1/29/2019 2:00:00 PM
        value: 2200.0
        quality: 0
    }, class Event {
        date: 1/29/2019 3:00:00 PM
        value: 2297.0
        quality: 0
    }, class Event {
        date: 1/29/2019 4:00:00 PM
        value: 2207.0
        quality: 0
    }, class Event {
        date: 1/29/2019 5:00:00 PM
        value: 2097.0
        quality: 0
    }, class Event {
        date: 1/29/2019 6:00:00 PM
        value: 2641.0
        quality: 0
    }, class Event {
        date: 1/29/2019 7:00:00 PM
        value: 2986.0
        quality: 0
    }, class Event {
        date: 1/29/2019 8:00:00 PM
        value: 249.0
        quality: 0
    }, class Event {
        date: 1/29/2019 9:00:00 PM
        value: 255.0
        quality: 0
    }, class Event {
        date: 1/29/2019 10:00:00 PM
        value: 2518.0
        quality: 0
    }, class Event {
        date: 1/29/2019 11:00:00 PM
        value: 2249.0
        quality: 0
    }, class Event {
        date: 1/30/2019 12:00:00 AM
        value: 2413.0
        quality: 0
    }, class Event {
        date: 1/30/2019 1:00:00 AM
        value: 2286.0
        quality: 0
    }, class Event {
        date: 1/30/2019 2:00:00 AM
        value: 1927.0
        quality: 0
    }, class Event {
        date: 1/30/2019 3:00:00 AM
        value: 2075.0
        quality: 0
    }, class Event {
        date: 1/30/2019 4:00:00 AM
        value: 1998.0
        quality: 0
    }, class Event {
        date: 1/30/2019 5:00:00 AM
        value: 2394.0
        quality: 0
    }, class Event {
        date: 1/30/2019 6:00:00 AM
        value: 2555.0
        quality: 0
    }, class Event {
        date: 1/30/2019 7:00:00 AM
        value: 2718.0
        quality: 0
    }, class Event {
        date: 1/30/2019 8:00:00 AM
        value: 3056.0
        quality: 0
    }, class Event {
        date: 1/30/2019 9:00:00 AM
        value: 3141.0
        quality: 0
    }, class Event {
        date: 1/30/2019 10:00:00 AM
        value: 3726.0
        quality: 0
    }, class Event {
        date: 1/30/2019 11:00:00 AM
        value: 3631.0
        quality: 0
    }, class Event {
        date: 1/30/2019 12:00:00 PM
        value: 3725.0
        quality: 0
    }, class Event {
        date: 1/30/2019 1:00:00 PM
        value: 3438.0
        quality: 0
    }, class Event {
        date: 1/30/2019 2:00:00 PM
        value: 2935.0
        quality: 0
    }, class Event {
        date: 1/30/2019 3:00:00 PM
        value: 3010.0
        quality: 0
    }, class Event {
        date: 1/30/2019 4:00:00 PM
        value: 3032.0
        quality: 0
    }, class Event {
        date: 1/30/2019 5:00:00 PM
        value: 2908.0
        quality: 0
    }, class Event {
        date: 1/30/2019 6:00:00 PM
        value: 802.0
        quality: 0
    }, class Event {
        date: 1/30/2019 7:00:00 PM
        value: 207.0
        quality: 0
    }, class Event {
        date: 1/30/2019 8:00:00 PM
        value: 43.0
        quality: 0
    }, class Event {
        date: 1/30/2019 9:00:00 PM
        value: 179.0
        quality: 0
    }, class Event {
        date: 1/30/2019 10:00:00 PM
        value: 2551.0
        quality: 0
    }, class Event {
        date: 1/30/2019 11:00:00 PM
        value: 2786.0
        quality: 0
    }, class Event {
        date: 1/31/2019 12:00:00 AM
        value: 2862.0
        quality: 0
    }, class Event {
        date: 1/31/2019 1:00:00 AM
        value: 2595.0
        quality: 0
    }, class Event {
        date: 1/31/2019 2:00:00 AM
        value: 2337.0
        quality: 0
    }, class Event {
        date: 1/31/2019 3:00:00 AM
        value: 2318.0
        quality: 0
    }, class Event {
        date: 1/31/2019 4:00:00 AM
        value: 2329.0
        quality: 0
    }, class Event {
        date: 1/31/2019 5:00:00 AM
        value: 2742.0
        quality: 0
    }, class Event {
        date: 1/31/2019 6:00:00 AM
        value: 2754.0
        quality: 0
    }, class Event {
        date: 1/31/2019 7:00:00 AM
        value: 2830.0
        quality: 0
    }, class Event {
        date: 1/31/2019 8:00:00 AM
        value: 2828.0
        quality: 0
    }, class Event {
        date: 1/31/2019 9:00:00 AM
        value: 2959.0
        quality: 0
    }, class Event {
        date: 1/31/2019 10:00:00 AM
        value: 3298.0
        quality: 0
    }, class Event {
        date: 1/31/2019 11:00:00 AM
        value: 3012.0
        quality: 0
    }, class Event {
        date: 1/31/2019 12:00:00 PM
        value: 2945.0
        quality: 0
    }, class Event {
        date: 1/31/2019 1:00:00 PM
        value: 3180.0
        quality: 0
    }, class Event {
        date: 1/31/2019 2:00:00 PM
        value: 2875.0
        quality: 0
    }, class Event {
        date: 1/31/2019 3:00:00 PM
        value: 2888.0
        quality: 0
    }, class Event {
        date: 1/31/2019 4:00:00 PM
        value: 2883.0
        quality: 0
    }, class Event {
        date: 1/31/2019 5:00:00 PM
        value: 2833.0
        quality: 0
    }, class Event {
        date: 1/31/2019 6:00:00 PM
        value: 171.0
        quality: 0
    }, class Event {
        date: 1/31/2019 7:00:00 PM
        value: 25.0
        quality: 0
    }, class Event {
        date: 1/31/2019 8:00:00 PM
        value: 25.0
        quality: 0
    }, class Event {
        date: 1/31/2019 9:00:00 PM
        value: 164.0
        quality: 0
    }, class Event {
        date: 1/31/2019 10:00:00 PM
        value: 2409.0
        quality: 0
    }, class Event {
        date: 1/31/2019 11:00:00 PM
        value: 1258.0
        quality: 0
    }, class Event {
        date: 2/1/2019 12:00:00 AM
        value: 994.0
        quality: 0
    }, class Event {
        date: 2/1/2019 1:00:00 AM
        value: 1583.0
        quality: 0
    }, class Event {
        date: 2/1/2019 2:00:00 AM
        value: 1558.0
        quality: 0
    }, class Event {
        date: 2/1/2019 3:00:00 AM
        value: 1844.0
        quality: 0
    }, class Event {
        date: 2/1/2019 4:00:00 AM
        value: 1895.0
        quality: 0
    }, class Event {
        date: 2/1/2019 5:00:00 AM
        value: 1893.0
        quality: 0
    }, class Event {
        date: 2/1/2019 6:00:00 AM
        value: 1167.0
        quality: 0
    }, class Event {
        date: 2/1/2019 7:00:00 AM
        value: 2322.0
        quality: 0
    }, class Event {
        date: 2/1/2019 8:00:00 AM
        value: 2912.0
        quality: 0
    }, class Event {
        date: 2/1/2019 9:00:00 AM
        value: 2626.0
        quality: 0
    }, class Event {
        date: 2/1/2019 10:00:00 AM
        value: 2546.0
        quality: 0
    }, class Event {
        date: 2/1/2019 11:00:00 AM
        value: 2543.0
        quality: 0
    }, class Event {
        date: 2/1/2019 12:00:00 PM
        value: 2345.0
        quality: 0
    }, class Event {
        date: 2/1/2019 1:00:00 PM
        value: 166.0
        quality: 0
    }, class Event {
        date: 2/1/2019 2:00:00 PM
        value: 75.0
        quality: 0
    }, class Event {
        date: 2/1/2019 3:00:00 PM
        value: 301.0
        quality: 0
    }, class Event {
        date: 2/1/2019 4:00:00 PM
        value: 37.0
        quality: 0
    }, class Event {
        date: 2/1/2019 5:00:00 PM
        value: 483.0
        quality: 0
    }, class Event {
        date: 2/1/2019 6:00:00 PM
        value: 8659.0
        quality: 0
    }, class Event {
        date: 2/1/2019 7:00:00 PM
        value: 8895.0
        quality: 0
    }, class Event {
        date: 2/1/2019 8:00:00 PM
        value: 6000.0
        quality: 0
    }, class Event {
        date: 2/1/2019 9:00:00 PM
        value: 697.0
        quality: 0
    }, class Event {
        date: 2/1/2019 10:00:00 PM
        value: 156.0
        quality: 0
    }, class Event {
        date: 2/1/2019 11:00:00 PM
        value: 1784.0
        quality: 0
    }, class Event {
        date: 2/2/2019 12:00:00 AM
        value: 1550.0
        quality: 0
    }, class Event {
        date: 2/2/2019 1:00:00 AM
        value: 1980.0
        quality: 0
    }, class Event {
        date: 2/2/2019 2:00:00 AM
        value: 1786.0
        quality: 0
    }, class Event {
        date: 2/2/2019 3:00:00 AM
        value: 1814.0
        quality: 0
    }, class Event {
        date: 2/2/2019 4:00:00 AM
        value: 1663.0
        quality: 0
    }, class Event {
        date: 2/2/2019 5:00:00 AM
        value: 2222.0
        quality: 0
    }, class Event {
        date: 2/2/2019 6:00:00 AM
        value: 2211.0
        quality: 0
    }, class Event {
        date: 2/2/2019 7:00:00 AM
        value: 2796.0
        quality: 0
    }, class Event {
        date: 2/2/2019 8:00:00 AM
        value: 3121.0
        quality: 0
    }, class Event {
        date: 2/2/2019 9:00:00 AM
        value: 2890.0
        quality: 0
    }, class Event {
        date: 2/2/2019 10:00:00 AM
        value: 2615.0
        quality: 0
    }, class Event {
        date: 2/2/2019 11:00:00 AM
        value: 2547.0
        quality: 0
    }, class Event {
        date: 2/2/2019 12:00:00 PM
        value: 3087.0
        quality: 0
    }, class Event {
        date: 2/2/2019 1:00:00 PM
        value: 1805.0
        quality: 0
    }, class Event {
        date: 2/2/2019 2:00:00 PM
        value: 1278.0
        quality: 0
    }, class Event {
        date: 2/2/2019 3:00:00 PM
        value: 92.0
        quality: 0
    }, class Event {
        date: 2/2/2019 4:00:00 PM
        value: 41.0
        quality: 0
    }, class Event {
        date: 2/2/2019 5:00:00 PM
        value: 380.0
        quality: 0
    }, class Event {
        date: 2/2/2019 6:00:00 PM
        value: 5272.0
        quality: 0
    }, class Event {
        date: 2/2/2019 7:00:00 PM
        value: 6166.0
        quality: 0
    }, class Event {
        date: 2/2/2019 8:00:00 PM
        value: 6141.0
        quality: 0
    }, class Event {
        date: 2/2/2019 9:00:00 PM
        value: 349.0
        quality: 0
    }, class Event {
        date: 2/2/2019 10:00:00 PM
        value: 25.0
        quality: 0
    }, class Event {
        date: 2/2/2019 11:00:00 PM
        value: 25.0
        quality: 0
    }, class Event {
        date: 2/3/2019 12:00:00 AM
        value: 25.0
        quality: 0
    }, class Event {
        date: 2/3/2019 1:00:00 AM
        value: 25.0
        quality: 0
    }, class Event {
        date: 2/3/2019 2:00:00 AM
        value: 25.0
        quality: 0
    }, class Event {
        date: 2/3/2019 3:00:00 AM
        value: 25.0
        quality: 0
    }, class Event {
        date: 2/3/2019 4:00:00 AM
        value: 82.0
        quality: 0
    }, class Event {
        date: 2/3/2019 5:00:00 AM
        value: 1257.0
        quality: 0
    }, class Event {
        date: 2/3/2019 6:00:00 AM
        value: 247.0
        quality: 0
    }, class Event {
        date: 2/3/2019 7:00:00 AM
        value: 2894.0
        quality: 0
    }, class Event {
        date: 2/3/2019 8:00:00 AM
        value: 192.0
        quality: 0
    }, class Event {
        date: 2/3/2019 9:00:00 AM
        value: 170.0
        quality: 0
    }, class Event {
        date: 2/3/2019 10:00:00 AM
        value: 2149.0
        quality: 0
    }, class Event {
        date: 2/3/2019 11:00:00 AM
        value: 2449.0
        quality: 0
    }, class Event {
        date: 2/3/2019 12:00:00 PM
        value: 2320.0
        quality: 0
    }, class Event {
        date: 2/3/2019 1:00:00 PM
        value: 2106.0
        quality: 0
    }, class Event {
        date: 2/3/2019 2:00:00 PM
        value: 2033.0
        quality: 0
    }, class Event {
        date: 2/3/2019 3:00:00 PM
        value: 1977.0
        quality: 0
    }, class Event {
        date: 2/3/2019 4:00:00 PM
        value: 2286.0
        quality: 0
    }, class Event {
        date: 2/3/2019 5:00:00 PM
        value: 2220.0
        quality: 0
    }, class Event {
        date: 2/3/2019 6:00:00 PM
        value: 5115.0
        quality: 0
    }, class Event {
        date: 2/3/2019 7:00:00 PM
        value: 7537.0
        quality: 0
    }, class Event {
        date: 2/3/2019 8:00:00 PM
        value: 5189.0
        quality: 0
    }, class Event {
        date: 2/3/2019 9:00:00 PM
        value: 3349.0
        quality: 0
    }, class Event {
        date: 2/3/2019 10:00:00 PM
        value: 3366.0
        quality: 0
    }, class Event {
        date: 2/3/2019 11:00:00 PM
        value: 2964.0
[...]
        date: 12/23/2019 2:00:00 PM
        value: 4396.0
        quality: 0
    }, class Event {
        date: 12/23/2019 3:00:00 PM
        value: 4072.0
        quality: 0
    }, class Event {
        date: 12/23/2019 4:00:00 PM
        value: 3887.0
        quality: 0
    }, class Event {
        date: 12/23/2019 5:00:00 PM
        value: 6259.0
        quality: 0
    }, class Event {
        date: 12/23/2019 6:00:00 PM
        value: 11501.0
        quality: 0
    }, class Event {
        date: 12/23/2019 7:00:00 PM
        value: 10735.0
        quality: 0
    }, class Event {
        date: 12/23/2019 8:00:00 PM
        value: 7143.0
        quality: 0
    }, class Event {
        date: 12/23/2019 9:00:00 PM
        value: 3020.0
        quality: 0
    }, class Event {
        date: 12/23/2019 10:00:00 PM
        value: 4126.0
        quality: 0
    }, class Event {
        date: 12/23/2019 11:00:00 PM
        value: 4441.0
        quality: 0
    }, class Event {
        date: 12/24/2019 12:00:00 AM
        value: 3007.0
        quality: 0
    }, class Event {
        date: 12/24/2019 1:00:00 AM
        value: 2978.0
        quality: 0
    }, class Event {
        date: 12/24/2019 2:00:00 AM
        value: 2722.0
        quality: 0
    }, class Event {
        date: 12/24/2019 3:00:00 AM
        value: 3186.0
        quality: 0
    }, class Event {
        date: 12/24/2019 4:00:00 AM
        value: 3013.0
        quality: 0
    }, class Event {
        date: 12/24/2019 5:00:00 AM
        value: 3320.0
        quality: 0
    }, class Event {
        date: 12/24/2019 6:00:00 AM
        value: 4742.0
        quality: 0
    }, class Event {
        date: 12/24/2019 7:00:00 AM
        value: 13999.0
        quality: 0
    }, class Event {
        date: 12/24/2019 8:00:00 AM
        value: 7032.0
        quality: 0
    }, class Event {
        date: 12/24/2019 9:00:00 AM
        value: 6564.0
        quality: 0
    }, class Event {
        date: 12/24/2019 10:00:00 AM
        value: 6468.0
        quality: 0
    }, class Event {
        date: 12/24/2019 11:00:00 AM
        value: 5678.0
        quality: 0
    }, class Event {
        date: 12/24/2019 12:00:00 PM
        value: 5618.0
        quality: 0
    }, class Event {
        date: 12/24/2019 1:00:00 PM
        value: 6272.0
        quality: 0
    }, class Event {
        date: 12/24/2019 2:00:00 PM
        value: 5813.0
        quality: 0
    }, class Event {
        date: 12/24/2019 3:00:00 PM
        value: 5579.0
        quality: 0
    }, class Event {
        date: 12/24/2019 4:00:00 PM
        value: 3647.0
        quality: 0
    }, class Event {
        date: 12/24/2019 5:00:00 PM
        value: 7048.0
        quality: 0
    }, class Event {
        date: 12/24/2019 6:00:00 PM
        value: 10538.0
        quality: 0
    }, class Event {
        date: 12/24/2019 7:00:00 PM
        value: 11678.0
        quality: 0
    }, class Event {
        date: 12/24/2019 8:00:00 PM
        value: 8028.0
        quality: 0
    }, class Event {
        date: 12/24/2019 9:00:00 PM
        value: 6734.0
        quality: 0
    }, class Event {
        date: 12/24/2019 10:00:00 PM
        value: 6539.0
        quality: 0
    }, class Event {
        date: 12/24/2019 11:00:00 PM
        value: 5376.0
        quality: 0
    }, class Event {
        date: 12/25/2019 12:00:00 AM
        value: 3466.0
        quality: 0
    }, class Event {
        date: 12/25/2019 1:00:00 AM
        value: 662.0
        quality: 0
    }, class Event {
        date: 12/25/2019 2:00:00 AM
        value: 583.0
        quality: 0
    }, class Event {
        date: 12/25/2019 3:00:00 AM
        value: 906.0
        quality: 0
    }, class Event {
        date: 12/25/2019 4:00:00 AM
        value: 1897.0
        quality: 0
    }, class Event {
        date: 12/25/2019 5:00:00 AM
        value: 1763.0
        quality: 0
    }, class Event {
        date: 12/25/2019 6:00:00 AM
        value: 2424.0
        quality: 0
    }, class Event {
        date: 12/25/2019 7:00:00 AM
        value: 10056.0
        quality: 0
    }, class Event {
        date: 12/25/2019 8:00:00 AM
        value: 7691.0
        quality: 0
    }, class Event {
        date: 12/25/2019 9:00:00 AM
        value: 8606.0
        quality: 0
    }, class Event {
        date: 12/25/2019 10:00:00 AM
        value: 7440.0
        quality: 0
    }, class Event {
        date: 12/25/2019 11:00:00 AM
        value: 4671.0
        quality: 0
    }, class Event {
        date: 12/25/2019 12:00:00 PM
        value: 4481.0
        quality: 0
    }, class Event {
        date: 12/25/2019 1:00:00 PM
        value: 4696.0
        quality: 0
    }, class Event {
        date: 12/25/2019 2:00:00 PM
        value: 4639.0
        quality: 0
    }, class Event {
        date: 12/25/2019 3:00:00 PM
        value: 4591.0
        quality: 0
    }, class Event {
        date: 12/25/2019 4:00:00 PM
        value: 6019.0
        quality: 0
    }, class Event {
        date: 12/25/2019 5:00:00 PM
        value: 9027.0
        quality: 0
    }, class Event {
        date: 12/25/2019 6:00:00 PM
        value: 14177.0
        quality: 0
    }, class Event {
        date: 12/25/2019 7:00:00 PM
        value: 11234.0
        quality: 0
    }, class Event {
        date: 12/25/2019 8:00:00 PM
        value: 11981.0
        quality: 0
    }, class Event {
        date: 12/25/2019 9:00:00 PM
        value: 7299.0
        quality: 0
    }, class Event {
        date: 12/25/2019 10:00:00 PM
        value: 5588.0
        quality: 0
    }, class Event {
        date: 12/25/2019 11:00:00 PM
        value: 3201.0
        quality: 0
    }, class Event {
        date: 12/26/2019 12:00:00 AM
        value: 2831.0
        quality: 0
    }, class Event {
        date: 12/26/2019 1:00:00 AM
        value: 1688.0
        quality: 0
    }, class Event {
        date: 12/26/2019 2:00:00 AM
        value: 1801.0
        quality: 0
    }, class Event {
        date: 12/26/2019 3:00:00 AM
        value: 2091.0
        quality: 0
    }, class Event {
        date: 12/26/2019 4:00:00 AM
        value: 2158.0
        quality: 0
    }, class Event {
        date: 12/26/2019 5:00:00 AM
        value: 2246.0
        quality: 0
    }, class Event {
        date: 12/26/2019 6:00:00 AM
        value: 3110.0
        quality: 0
    }, class Event {
        date: 12/26/2019 7:00:00 AM
        value: 13227.0
        quality: 0
    }, class Event {
        date: 12/26/2019 8:00:00 AM
        value: 6858.0
        quality: 0
    }, class Event {
        date: 12/26/2019 9:00:00 AM
        value: 6289.0
        quality: 0
    }, class Event {
        date: 12/26/2019 10:00:00 AM
        value: 5819.0
        quality: 0
    }, class Event {
        date: 12/26/2019 11:00:00 AM
        value: 5229.0
        quality: 0
    }, class Event {
        date: 12/26/2019 12:00:00 PM
        value: 5204.0
        quality: 0
    }, class Event {
        date: 12/26/2019 1:00:00 PM
        value: 5346.0
        quality: 0
    }, class Event {
        date: 12/26/2019 2:00:00 PM
        value: 5160.0
        quality: 0
    }, class Event {
        date: 12/26/2019 3:00:00 PM
        value: 5036.0
        quality: 0
    }, class Event {
        date: 12/26/2019 4:00:00 PM
        value: 5270.0
        quality: 0
    }, class Event {
        date: 12/26/2019 5:00:00 PM
        value: 5108.0
        quality: 0
    }, class Event {
        date: 12/26/2019 6:00:00 PM
        value: 11771.0
        quality: 0
    }, class Event {
        date: 12/26/2019 7:00:00 PM
        value: 13919.0
        quality: 0
    }, class Event {
        date: 12/26/2019 8:00:00 PM
        value: 6818.0
        quality: 0
    }, class Event {
        date: 12/26/2019 9:00:00 PM
        value: 6549.0
        quality: 0
    }, class Event {
        date: 12/26/2019 10:00:00 PM
        value: 6305.0
        quality: 0
    }, class Event {
        date: 12/26/2019 11:00:00 PM
        value: 4718.0
        quality: 0
    }, class Event {
        date: 12/27/2019 12:00:00 AM
        value: 2844.0
        quality: 0
    }, class Event {
        date: 12/27/2019 1:00:00 AM
        value: 4829.0
        quality: 0
    }, class Event {
        date: 12/27/2019 2:00:00 AM
        value: 5160.0
        quality: 0
    }, class Event {
        date: 12/27/2019 3:00:00 AM
        value: 5060.0
        quality: 0
    }, class Event {
        date: 12/27/2019 4:00:00 AM
        value: 4774.0
        quality: 0
    }, class Event {
        date: 12/27/2019 5:00:00 AM
        value: 5044.0
        quality: 0
    }, class Event {
        date: 12/27/2019 6:00:00 AM
        value: 4751.0
        quality: 0
    }, class Event {
        date: 12/27/2019 7:00:00 AM
        value: 3396.0
        quality: 0
    }, class Event {
        date: 12/27/2019 8:00:00 AM
        value: 4343.0
        quality: 0
    }, class Event {
        date: 12/27/2019 9:00:00 AM
        value: 5876.0
        quality: 0
    }, class Event {
        date: 12/27/2019 10:00:00 AM
        value: 5838.0
        quality: 0
    }, class Event {
        date: 12/27/2019 11:00:00 AM
        value: 5342.0
        quality: 0
    }, class Event {
        date: 12/27/2019 12:00:00 PM
        value: 5018.0
        quality: 0
    }, class Event {
        date: 12/27/2019 1:00:00 PM
        value: 3005.0
        quality: 0
    }, class Event {
        date: 12/27/2019 2:00:00 PM
        value: 2504.0
        quality: 0
    }, class Event {
        date: 12/27/2019 3:00:00 PM
        value: 2670.0
        quality: 0
    }, class Event {
        date: 12/27/2019 4:00:00 PM
        value: 3303.0
        quality: 0
    }, class Event {
        date: 12/27/2019 5:00:00 PM
        value: 6974.0
        quality: 0
    }, class Event {
        date: 12/27/2019 6:00:00 PM
        value: 9208.0
        quality: 0
    }, class Event {
        date: 12/27/2019 7:00:00 PM
        value: 9496.0
        quality: 0
    }, class Event {
        date: 12/27/2019 8:00:00 PM
        value: 10399.0
        quality: 0
    }, class Event {
        date: 12/27/2019 9:00:00 PM
        value: 8169.0
        quality: 0
    }, class Event {
        date: 12/27/2019 10:00:00 PM
        value: 3549.0
        quality: 0
    }, class Event {
        date: 12/27/2019 11:00:00 PM
        value: 2806.0
        quality: 0
    }, class Event {
        date: 12/28/2019 12:00:00 AM
        value: 2176.0
        quality: 0
    }, class Event {
        date: 12/28/2019 1:00:00 AM
        value: 4382.0
        quality: 0
    }, class Event {
        date: 12/28/2019 2:00:00 AM
        value: 4404.0
        quality: 0
    }, class Event {
        date: 12/28/2019 3:00:00 AM
        value: 4471.0
        quality: 0
    }, class Event {
        date: 12/28/2019 4:00:00 AM
        value: 3794.0
        quality: 0
    }, class Event {
        date: 12/28/2019 5:00:00 AM
        value: 3834.0
        quality: 0
    }, class Event {
        date: 12/28/2019 6:00:00 AM
        value: 4418.0
        quality: 0
    }, class Event {
        date: 12/28/2019 7:00:00 AM
        value: 3096.0
        quality: 0
    }, class Event {
        date: 12/28/2019 8:00:00 AM
        value: 3216.0
        quality: 0
    }, class Event {
        date: 12/28/2019 9:00:00 AM
        value: 3417.0
        quality: 0
    }, class Event {
        date: 12/28/2019 10:00:00 AM
        value: 3823.0
        quality: 0
    }, class Event {
        date: 12/28/2019 11:00:00 AM
        value: 3399.0
        quality: 0
    }, class Event {
        date: 12/28/2019 12:00:00 PM
        value: 2600.0
        quality: 0
    }, class Event {
        date: 12/28/2019 1:00:00 PM
        value: 1967.0
        quality: 0
    }, class Event {
        date: 12/28/2019 2:00:00 PM
        value: 1937.0
        quality: 0
    }, class Event {
        date: 12/28/2019 3:00:00 PM
        value: 2202.0
        quality: 0
    }, class Event {
        date: 12/28/2019 4:00:00 PM
        value: 2560.0
        quality: 0
    }, class Event {
        date: 12/28/2019 5:00:00 PM
        value: 6017.0
        quality: 0
    }, class Event {
        date: 12/28/2019 6:00:00 PM
        value: 11753.0
        quality: 0
    }, class Event {
        date: 12/28/2019 7:00:00 PM
        value: 10681.0
        quality: 0
    }, class Event {
        date: 12/28/2019 8:00:00 PM
        value: 10460.0
        quality: 0
    }, class Event {
        date: 12/28/2019 9:00:00 PM
        value: 8266.0
        quality: 0
    }, class Event {
        date: 12/28/2019 10:00:00 PM
        value: 3019.0
        quality: 0
    }, class Event {
        date: 12/28/2019 11:00:00 PM
        value: 4124.0
        quality: 0
    }, class Event {
        date: 12/29/2019 12:00:00 AM
        value: 3402.0
        quality: 0
    }, class Event {
        date: 12/29/2019 1:00:00 AM
        value: 4164.0
        quality: 0
    }, class Event {
        date: 12/29/2019 2:00:00 AM
        value: 4203.0
        quality: 0
    }, class Event {
        date: 12/29/2019 3:00:00 AM
        value: 4067.0
        quality: 0
    }, class Event {
        date: 12/29/2019 4:00:00 AM
        value: 3957.0
        quality: 0
    }, class Event {
        date: 12/29/2019 5:00:00 AM
        value: 3286.0
        quality: 0
    }, class Event {
        date: 12/29/2019 6:00:00 AM
        value: 2893.0
        quality: 0
    }, class Event {
        date: 12/29/2019 7:00:00 AM
        value: 2773.0
        quality: 0
    }, class Event {
        date: 12/29/2019 8:00:00 AM
        value: 3174.0
        quality: 0
    }, class Event {
        date: 12/29/2019 9:00:00 AM
        value: 2177.0
        quality: 0
    }, class Event {
        date: 12/29/2019 10:00:00 AM
        value: 2839.0
        quality: 0
    }, class Event {
        date: 12/29/2019 11:00:00 AM
        value: 3711.0
        quality: 0
    }, class Event {
        date: 12/29/2019 12:00:00 PM
        value: 4692.0
        quality: 0
    }, class Event {
        date: 12/29/2019 1:00:00 PM
        value: 4738.0
        quality: 0
    }, class Event {
        date: 12/29/2019 2:00:00 PM
        value: 4861.0
        quality: 0
    }, class Event {
        date: 12/29/2019 3:00:00 PM
        value: 3005.0
        quality: 0
    }, class Event {
        date: 12/29/2019 4:00:00 PM
        value: 2815.0
        quality: 0
    }, class Event {
        date: 12/29/2019 5:00:00 PM
        value: 6089.0
        quality: 0
    }, class Event {
        date: 12/29/2019 6:00:00 PM
        value: 15288.0
        quality: 0
    }, class Event {
        date: 12/29/2019 7:00:00 PM
        value: 13073.0
        quality: 0
    }, class Event {
        date: 12/29/2019 8:00:00 PM
        value: 12130.0
        quality: 0
    }, class Event {
        date: 12/29/2019 9:00:00 PM
        value: 11280.0
        quality: 0
    }, class Event {
        date: 12/29/2019 10:00:00 PM
        value: 4118.0
        quality: 0
    }, class Event {
        date: 12/29/2019 11:00:00 PM
        value: 1464.0
        quality: 0
    }, class Event {
        date: 12/30/2019 12:00:00 AM
        value: 1030.0
        quality: 0
    }, class Event {
        date: 12/30/2019 1:00:00 AM
        value: 2285.0
        quality: 0
    }, class Event {
        date: 12/30/2019 2:00:00 AM
        value: 2419.0
        quality: 0
    }, class Event {
        date: 12/30/2019 3:00:00 AM
        value: 3634.0
        quality: 0
    }, class Event {
        date: 12/30/2019 4:00:00 AM
        value: 4451.0
        quality: 0
    }, class Event {
        date: 12/30/2019 5:00:00 AM
        value: 4756.0
        quality: 0
    }, class Event {
        date: 12/30/2019 6:00:00 AM
        value: 4219.0
        quality: 0
    }, class Event {
        date: 12/30/2019 7:00:00 AM
        value: 3948.0
        quality: 0
    }, class Event {
        date: 12/30/2019 8:00:00 AM
        value: 4491.0
        quality: 0
    }, class Event {
        date: 12/30/2019 9:00:00 AM
        value: 2883.0
        quality: 0
    }, class Event {
        date: 12/30/2019 10:00:00 AM
        value: 3683.0
        quality: 0
    }, class Event {
        date: 12/30/2019 11:00:00 AM
        value: 3247.0
        quality: 0
    }, class Event {
        date: 12/30/2019 12:00:00 PM
        value: 2172.0
        quality: 0
    }, class Event {
        date: 12/30/2019 1:00:00 PM
        value: 1346.0
        quality: 0
    }, class Event {
        date: 12/30/2019 2:00:00 PM
        value: 1568.0
        quality: 0
    }, class Event {
        date: 12/30/2019 3:00:00 PM
        value: 1978.0
        quality: 0
    }, class Event {
        date: 12/30/2019 4:00:00 PM
        value: 2072.0
        quality: 0
    }, class Event {
        date: 12/30/2019 5:00:00 PM
        value: 3128.0
        quality: 0
    }, class Event {
        date: 12/30/2019 6:00:00 PM
        value: 11789.0
        quality: 0
    }, class Event {
        date: 12/30/2019 7:00:00 PM
        value: 11450.0
        quality: 0
    }, class Event {
        date: 12/30/2019 8:00:00 PM
        value: 10118.0
        quality: 0
    }, class Event {
        date: 12/30/2019 9:00:00 PM
        value: 5679.0
        quality: 0
    }, class Event {
        date: 12/30/2019 10:00:00 PM
        value: 5044.0
        quality: 0
    }, class Event {
        date: 12/30/2019 11:00:00 PM
        value: 2112.0
        quality: 0
    }, class Event {
        date: 12/31/2019 12:00:00 AM
        value: 1480.0
        quality: 0
    }, class Event {
        date: 12/31/2019 1:00:00 AM
        value: 2583.0
        quality: 0
    }, class Event {
        date: 12/31/2019 2:00:00 AM
        value: 2823.0
        quality: 0
    }, class Event {
        date: 12/31/2019 3:00:00 AM
        value: 2691.0
        quality: 0
    }, class Event {
        date: 12/31/2019 4:00:00 AM
        value: 2640.0
        quality: 0
    }, class Event {
        date: 12/31/2019 5:00:00 AM
        value: 3752.0
        quality: 0
    }, class Event {
        date: 12/31/2019 6:00:00 AM
        value: 4097.0
        quality: 0
    }, class Event {
        date: 12/31/2019 7:00:00 AM
        value: 4266.0
        quality: 0
    }, class Event {
        date: 12/31/2019 8:00:00 AM
        value: 4630.0
        quality: 0
    }, class Event {
        date: 12/31/2019 9:00:00 AM
        value: 2498.0
        quality: 0
    }, class Event {
        date: 12/31/2019 10:00:00 AM
        value: 2778.0
        quality: 0
    }, class Event {
        date: 12/31/2019 11:00:00 AM
        value: 3230.0
        quality: 0
    }, class Event {
        date: 12/31/2019 12:00:00 PM
        value: 2488.0
        quality: 0
    }, class Event {
        date: 12/31/2019 1:00:00 PM
        value: 1752.0
        quality: 0
    }, class Event {
        date: 12/31/2019 2:00:00 PM
        value: 1762.0
        quality: 0
    }, class Event {
        date: 12/31/2019 3:00:00 PM
        value: 1775.0
        quality: 0
    }, class Event {
        date: 12/31/2019 4:00:00 PM
        value: 1783.0
        quality: 0
    }, class Event {
        date: 12/31/2019 5:00:00 PM
        value: 6245.0
        quality: 0
    }, class Event {
        date: 12/31/2019 6:00:00 PM
        value: 10393.0
        quality: 0
    }, class Event {
        date: 12/31/2019 7:00:00 PM
        value: 10307.0
        quality: 0
    }, class Event {
        date: 12/31/2019 8:00:00 PM
        value: 4560.0
        quality: 0
    }, class Event {
        date: 12/31/2019 9:00:00 PM
        value: 2955.0
        quality: 0
    }, class Event {
        date: 12/31/2019 10:00:00 PM
        value: 3176.0
        quality: 0
    }, class Event {
        date: 12/31/2019 11:00:00 PM
        value: 5747.0
        quality: 0
    }, class Event {
        date: 1/1/2020 12:00:00 AM
        value: 2876.0
        quality: 0
    }]
}
]]></system-err>
</testsuite>
